2022.11.09 21:53:38 INFO  tracing is disabled for protocol LSP, to enable tracing of incoming and outgoing JSON messages create an empty file at /home/gabor/git_repos/effective_programming_in_scala/hello-world/.metals/lsp.trace.json or /home/gabor/.cache/metals/lsp.trace.json
2022.11.09 21:53:38 INFO  logging to file /home/gabor/git_repos/effective_programming_in_scala/hello-world/.metals/metals.log
2022.11.09 21:53:38 INFO  Started: Metals version 0.11.9 in workspace '/home/gabor/git_repos/effective_programming_in_scala/hello-world' for client Visual Studio Code 1.71.2.
2022.11.09 21:53:39 INFO  time: initialize in 1.27s
2022.11.09 21:53:41 WARN  Build server is not auto-connectable.
2022.11.09 21:53:41 WARN  no build target for: /home/gabor/git_repos/effective_programming_in_scala/hello-world/src/main/scala/Main.scala
Nov 09, 2022 9:53:42 PM org.eclipse.lsp4j.jsonrpc.RemoteEndpoint handleCancellation
WARNING: Unmatched cancel notification for request id 1
2022.11.09 21:53:44 INFO  no build target found for /home/gabor/git_repos/effective_programming_in_scala/hello-world/src/main/scala/Main.scala. Using presentation compiler with project's scala-library version: 3.2.0
2022.11.09 21:53:46 INFO  time: code lens generation in 4.09s
2022.11.09 21:53:46 INFO  time: code lens generation in 4.16s
2022.11.09 21:54:40 INFO  no build target found for /home/gabor/git_repos/effective_programming_in_scala/hello-world/src/main/scala/foo.worksheet.sc. Using presentation compiler with project's scala-library version: 3.2.0
2022.11.09 21:54:40 INFO  time: evaluated worksheet 'foo.worksheet.sc' in 5.03s
2022.11.09 21:54:44 INFO  time: evaluated worksheet 'foo.worksheet.sc' in 0.98s
2022.11.09 21:59:00 INFO  shutting down Metals
2022.11.10 16:17:37 INFO  tracing is disabled for protocol LSP, to enable tracing of incoming and outgoing JSON messages create an empty file at /home/gabor/git_repos/effective_programming_in_scala/hello-world/.metals/lsp.trace.json or /home/gabor/.cache/metals/lsp.trace.json
2022.11.10 16:17:38 INFO  logging to file /home/gabor/git_repos/effective_programming_in_scala/hello-world/.metals/metals.log
2022.11.10 16:17:38 INFO  Started: Metals version 0.11.9 in workspace '/home/gabor/git_repos/effective_programming_in_scala/hello-world' for client Visual Studio Code 1.71.2.
2022.11.10 16:17:39 INFO  time: initialize in 1.44s
2022.11.10 16:17:41 WARN  Build server is not auto-connectable.
2022.11.10 16:17:41 WARN  no build target for: /home/gabor/git_repos/effective_programming_in_scala/hello-world/src/main/scala/Main.scala
2022.11.10 16:17:52 INFO  no build target found for /home/gabor/git_repos/effective_programming_in_scala/hello-world/src/main/scala/Main.scala. Using presentation compiler with project's scala-library version: 3.2.0
2022.11.10 16:17:54 INFO  time: code lens generation in 12s
2022.11.10 16:18:06 INFO  shutting down Metals
