2022.11.11 17:00:58 INFO  tracing is disabled for protocol LSP, to enable tracing of incoming and outgoing JSON messages create an empty file at /home/gabor/git_repos/effective_programming_in_scala/democracy/.metals/lsp.trace.json or /home/gabor/.cache/metals/lsp.trace.json
2022.11.11 17:00:58 INFO  logging to file /home/gabor/git_repos/effective_programming_in_scala/democracy/.metals/metals.log
2022.11.11 17:00:58 INFO  Started: Metals version 0.11.9 in workspace '/home/gabor/git_repos/effective_programming_in_scala/democracy' for client Visual Studio Code 1.71.2.
2022.11.11 17:01:00 INFO  time: initialize in 1.4s
2022.11.11 17:01:01 WARN  Build server is not auto-connectable.
2022.11.11 17:01:01 WARN  no build target for: /home/gabor/git_repos/effective_programming_in_scala/democracy/src/main/scala/democracy/MajorityJudgement.scala
2022.11.11 17:01:06 INFO  no build target found for /home/gabor/git_repos/effective_programming_in_scala/democracy/src/main/scala/democracy/MajorityJudgement.scala. Using presentation compiler with project's scala-library version: 3.2.0
2022.11.11 17:01:08 INFO  time: code lens generation in 6.46s
2022.11.11 17:01:09 WARN  no build target for: /home/gabor/git_repos/effective_programming_in_scala/democracy/build.sbt
2022.11.11 17:01:15 WARN  no build target for: /home/gabor/git_repos/effective_programming_in_scala/democracy/build.sbt
2022.11.11 17:01:15 INFO  skipping build import with status 'Dismissed'
2022.11.11 17:01:21 INFO  running '/usr/lib/jvm/java-11-openjdk-amd64/bin/java -Djline.terminal=jline.UnsupportedTerminal -Dsbt.log.noformat=true -Dfile.encoding=UTF-8 -jar /tmp/metals15826926696118892848/sbt-launch.jar -Dbloop.export-jar-classifiers=sources bloopInstall'
2022.11.11 17:01:21 WARN  no build target for: /home/gabor/git_repos/effective_programming_in_scala/democracy/project/metals.sbt
2022.11.11 17:01:21 INFO  skipping build import with status 'Dismissed'
2022.11.11 17:01:22 INFO  [info] welcome to sbt 1.6.1 (Ubuntu Java 11.0.17)
2022.11.11 17:01:25 INFO  [info] loading settings for project democracy-build-build-build from metals.sbt ...
2022.11.11 17:01:25 INFO  [info] loading project definition from /home/gabor/git_repos/effective_programming_in_scala/democracy/project/project/project
2022.11.11 17:01:28 INFO  [info] loading settings for project democracy-build-build from metals.sbt ...
2022.11.11 17:01:28 INFO  [info] loading project definition from /home/gabor/git_repos/effective_programming_in_scala/democracy/project/project
2022.11.11 17:01:29 INFO  [success] Generated .bloop/democracy-build-build.json
2022.11.11 17:01:29 INFO  [success] Total time: 2 s, completed Nov 11, 2022, 5:01:30 PM
2022.11.11 17:01:31 INFO  [info] loading settings for project democracy-build from buildSettings.sbt,metals.sbt,plugins.sbt ...
2022.11.11 17:01:31 INFO  [info] loading project definition from /home/gabor/git_repos/effective_programming_in_scala/democracy/project
2022.11.11 17:01:32 INFO  [success] Generated .bloop/democracy-build.json
2022.11.11 17:01:32 INFO  [info] compiling 3 Scala sources to /home/gabor/git_repos/effective_programming_in_scala/democracy/project/target/scala-2.12/sbt-1.0/classes ...
2022.11.11 17:01:38 INFO  [info] done compiling
2022.11.11 17:01:38 INFO  [success] Total time: 7 s, completed Nov 11, 2022, 5:01:38 PM
2022.11.11 17:01:40 INFO  [info] loading settings for project democracy from assignment.sbt,build.sbt ...
2022.11.11 17:01:40 INFO  [info] set current project to effective-scala-democracy (in build file:/home/gabor/git_repos/effective_programming_in_scala/democracy/)
2022.11.11 17:01:41 INFO  [success] Generated .bloop/democracy.json
2022.11.11 17:01:41 INFO  [success] Generated .bloop/democracy-test.json
2022.11.11 17:01:41 INFO  [success] Total time: 0 s, completed Nov 11, 2022, 5:01:41 PM
2022.11.11 17:01:41 INFO  time: ran 'sbt bloopInstall' in 20s
2022.11.11 17:01:41 INFO  Attempting to connect to the build server...
2022.11.11 17:01:41 INFO  Bloop uses /usr/lib/jvm/java-11-openjdk-amd64 defined at /home/gabor/.bloop/bloop.json
2022.11.11 17:01:41 INFO  tracing is disabled for protocol BSP, to enable tracing of incoming and outgoing JSON messages create an empty file at /home/gabor/git_repos/effective_programming_in_scala/democracy/.metals/bsp.trace.json or /home/gabor/.cache/metals/bsp.trace.json
2022.11.11 17:01:41 INFO  Attempting to connect to the build server...
2022.11.11 17:01:41 INFO  Bloop uses /usr/lib/jvm/java-11-openjdk-amd64 defined at /home/gabor/.bloop/bloop.json
2022.11.11 17:01:41 INFO  Attempting to connect to the build server...
2022.11.11 17:01:41 INFO  Bloop uses /usr/lib/jvm/java-11-openjdk-amd64 defined at /home/gabor/.bloop/bloop.json
2022.11.11 17:01:41 INFO  tracing is disabled for protocol BSP, to enable tracing of incoming and outgoing JSON messages create an empty file at /home/gabor/git_repos/effective_programming_in_scala/democracy/project/project/.metals/bsp.trace.json or /home/gabor/.cache/metals/bsp.trace.json
2022.11.11 17:01:42 INFO  tracing is disabled for protocol BSP, to enable tracing of incoming and outgoing JSON messages create an empty file at /home/gabor/git_repos/effective_programming_in_scala/democracy/project/.metals/bsp.trace.json or /home/gabor/.cache/metals/bsp.trace.json
2022.11.11 17:01:42 INFO  time: Connected to build server in 0.33s
2022.11.11 17:01:42 INFO  Connected to Build server: Bloop v1.5.4
2022.11.11 17:01:44 WARN  Could not find java sources in /usr/lib/jvm/src.zip, /usr/lib/jvm/lib/src.zip, /usr/lib/jvm/java-11-openjdk-amd64/src.zip, /usr/lib/jvm/java-11-openjdk-amd64/lib/src.zip. Java symbols will not be available.
2022.11.11 17:01:47 WARN  Could not find java sources in /usr/lib/jvm/src.zip, /usr/lib/jvm/lib/src.zip, /usr/lib/jvm/java-11-openjdk-amd64/src.zip, /usr/lib/jvm/java-11-openjdk-amd64/lib/src.zip. Java symbols will not be available.
2022.11.11 17:01:47 WARN  Could not find java sources in /usr/lib/jvm/src.zip, /usr/lib/jvm/lib/src.zip, /usr/lib/jvm/java-11-openjdk-amd64/src.zip, /usr/lib/jvm/java-11-openjdk-amd64/lib/src.zip. Java symbols will not be available.
2022.11.11 17:01:47 INFO  time: indexed workspace in 4.79s
2022.11.11 17:01:47 INFO  compiling democracy (1 scala source)
2022.11.11 17:01:49 INFO  time: compiled democracy in 2.28s
2022.11.11 17:01:49 INFO  compiling democracy-test (1 scala source)
2022.11.11 17:01:49 INFO  time: compiled democracy-test in 0.9s
2022.11.11 17:02:04 INFO  compiling democracy-build (3 scala sources)
2022.11.11 17:02:04 INFO  Non-compiled module 'compiler-bridge_2.12' for Scala 2.12.15. Compiling...
2022.11.11 17:02:07 INFO  time: code lens generation in 3.45s
2022.11.11 17:02:15 INFO    Compilation completed in 10.911s.
2022.11.11 17:02:21 INFO  time: compiled democracy-build in 17s
2022.11.11 17:02:24 INFO  tracing is disabled for protocol dap-server, to enable tracing of incoming and outgoing JSON messages create an empty file at /home/gabor/git_repos/effective_programming_in_scala/democracy/.metals/dap-server.trace.json or /home/gabor/.cache/metals/dap-server.trace.json
2022.11.11 17:02:24 INFO  tracing is disabled for protocol dap-client, to enable tracing of incoming and outgoing JSON messages create an empty file at /home/gabor/git_repos/effective_programming_in_scala/democracy/.metals/dap-client.trace.json or /home/gabor/.cache/metals/dap-client.trace.json
2022.11.11 17:02:25 INFO  Starting debug proxy for [democracy.MajorityJudgementSuite;democracy.MajorityJudgementSuite]
2022.11.11 17:02:25 INFO  Trying to attach to remote debuggee VM localhost:53437 .
2022.11.11 17:02:25 INFO  Attaching to debuggee VM succeeded.
2022.11.11 17:02:25 INFO  Closing debug server tcp://0.0.0.0:33683
2022.11.11 17:02:26 INFO  Canceling debug proxy for [democracy.MajorityJudgementSuite;democracy.MajorityJudgementSuite]
2022.11.11 17:46:28 INFO  compiling democracy (1 scala source)
2022.11.11 17:46:28 INFO  time: compiled democracy in 0.29s
2022.11.11 17:49:06 INFO  compiling democracy (1 scala source)
2022.11.11 17:49:06 INFO  time: compiled democracy in 0.26s
Exception in thread "pool-5-thread-1" java.lang.InterruptedException
	at scala.meta.internal.metals.FutureCancelToken.checkCanceled(FutureCancelToken.scala:29)
	at scala.meta.internal.pc.CompilerAccess.onCompilerJobQueue$$anonfun$1(CompilerAccess.scala:195)
	at scala.meta.internal.pc.CompilerJobQueue$Job.run(CompilerJobQueue.scala:152)
	at java.base/java.util.concurrent.ThreadPoolExecutor.runWorker(ThreadPoolExecutor.java:1128)
	at java.base/java.util.concurrent.ThreadPoolExecutor$Worker.run(ThreadPoolExecutor.java:628)
	at java.base/java.lang.Thread.run(Thread.java:829)
2022.11.11 17:58:01 INFO  compiling democracy (1 scala source)
2022.11.11 17:58:01 INFO  time: compiled democracy in 0.58s
2022.11.11 17:59:43 INFO  compiling democracy (1 scala source)
2022.11.11 17:59:43 INFO  time: compiled democracy in 0.52s
2022.11.11 18:00:13 INFO  compiling democracy (1 scala source)
2022.11.11 18:00:13 INFO  time: compiled democracy in 0.47s
2022.11.11 18:05:37 INFO  compiling democracy (1 scala source)
2022.11.11 18:05:37 INFO  time: compiled democracy in 0.49s
2022.11.11 18:06:03 INFO  compiling democracy (1 scala source)
2022.11.11 18:06:03 INFO  time: compiled democracy in 0.45s
2022.11.11 18:06:43 INFO  compiling democracy (1 scala source)
2022.11.11 18:06:43 INFO  time: compiled democracy in 0.16s
2022.11.11 18:07:02 INFO  compiling democracy (1 scala source)
2022.11.11 18:07:02 INFO  time: compiled democracy in 0.5s
2022.11.11 18:08:33 INFO  compiling democracy (1 scala source)
2022.11.11 18:08:33 INFO  time: compiled democracy in 0.5s
2022.11.11 18:14:23 INFO  compiling democracy (1 scala source)
2022.11.11 18:14:23 INFO  time: compiled democracy in 0.43s
2022.11.11 18:14:42 INFO  compiling democracy (1 scala source)
2022.11.11 18:14:42 INFO  time: compiled democracy in 0.4s
2022.11.11 18:15:43 INFO  compiling democracy (1 scala source)
2022.11.11 18:15:43 INFO  time: compiled democracy in 0.14s
2022.11.11 18:16:08 INFO  compiling democracy (1 scala source)
2022.11.11 18:16:08 INFO  time: compiled democracy in 0.38s
2022.11.11 18:17:22 INFO  compiling democracy (1 scala source)
2022.11.11 18:17:22 INFO  time: compiled democracy in 0.14s
2022.11.11 18:20:48 INFO  compiling democracy (1 scala source)
2022.11.11 18:20:48 INFO  time: compiled democracy in 0.18s
2022.11.11 18:26:49 INFO  compiling democracy (1 scala source)
2022.11.11 18:26:49 INFO  time: compiled democracy in 0.2s
Nov 11, 2022 6:32:39 PM scala.meta.internal.pc.CompilerAccess handleError
SEVERE: NoDenotation.owner
java.lang.AssertionError: NoDenotation.owner
	at dotty.tools.dotc.core.SymDenotations$NoDenotation$.owner(SymDenotations.scala:2511)
	at scala.meta.internal.pc.PcDocumentHighlightProvider$.isForComprehensionOwner$1(PcDocumentHighlightProvider.scala:163)
	at scala.meta.internal.pc.PcDocumentHighlightProvider$.collectNames$1(PcDocumentHighlightProvider.scala:178)
	at scala.meta.internal.pc.PcDocumentHighlightProvider$.$anonfun$4(PcDocumentHighlightProvider.scala:275)
	at dotty.tools.dotc.ast.Trees$Instance$DeepFolder.apply(Trees.scala:1663)
	at dotty.tools.dotc.ast.Trees$Instance$TreeAccumulator.foldOver(Trees.scala:1562)
	at dotty.tools.dotc.ast.Trees$Instance$DeepFolder.apply(Trees.scala:1663)
	at dotty.tools.dotc.ast.Trees$Instance$TreeAccumulator.foldOver(Trees.scala:1617)
	at dotty.tools.dotc.ast.Trees$Instance$DeepFolder.apply(Trees.scala:1663)
	at dotty.tools.dotc.ast.Trees$Instance$TreeAccumulator.fold$1(Trees.scala:1529)
	at dotty.tools.dotc.ast.Trees$Instance$TreeAccumulator.apply(Trees.scala:1531)
	at dotty.tools.dotc.ast.Trees$Instance$TreeAccumulator.foldOver(Trees.scala:1562)
	at dotty.tools.dotc.ast.Trees$Instance$DeepFolder.apply(Trees.scala:1663)
	at dotty.tools.dotc.ast.Trees$Instance$TreeAccumulator.foldOver(Trees.scala:1613)
	at dotty.tools.dotc.ast.Trees$Instance$DeepFolder.apply(Trees.scala:1663)
	at dotty.tools.dotc.ast.Trees$Instance$TreeAccumulator.fold$1(Trees.scala:1529)
	at dotty.tools.dotc.ast.Trees$Instance$TreeAccumulator.apply(Trees.scala:1531)
	at dotty.tools.dotc.ast.Trees$Instance$TreeAccumulator.foldOver(Trees.scala:1562)
	at dotty.tools.dotc.ast.Trees$Instance$DeepFolder.apply(Trees.scala:1663)
	at dotty.tools.dotc.ast.Trees$Instance$TreeAccumulator.foldOver(Trees.scala:1613)
	at dotty.tools.dotc.ast.Trees$Instance$DeepFolder.apply(Trees.scala:1663)
	at dotty.tools.dotc.ast.Trees$Instance$TreeAccumulator.fold$1(Trees.scala:1529)
	at dotty.tools.dotc.ast.Trees$Instance$TreeAccumulator.apply(Trees.scala:1531)
	at dotty.tools.dotc.ast.Trees$Instance$TreeAccumulator.foldOver(Trees.scala:1562)
	at dotty.tools.dotc.ast.Trees$Instance$DeepFolder.apply(Trees.scala:1663)
	at dotty.tools.dotc.ast.Trees$Instance$TreeAccumulator.foldOver(Trees.scala:1617)
	at dotty.tools.dotc.ast.Trees$Instance$DeepFolder.apply(Trees.scala:1663)
	at dotty.tools.dotc.ast.Trees$Instance$TreeAccumulator.fold$1(Trees.scala:1529)
	at dotty.tools.dotc.ast.Trees$Instance$TreeAccumulator.apply(Trees.scala:1531)
	at dotty.tools.dotc.ast.Trees$Instance$TreeAccumulator.foldOver(Trees.scala:1624)
	at dotty.tools.dotc.ast.Trees$Instance$DeepFolder.apply(Trees.scala:1663)
	at dotty.tools.dotc.ast.Trees$Instance$TreeAccumulator.foldOver(Trees.scala:1621)
	at dotty.tools.dotc.ast.Trees$Instance$DeepFolder.apply(Trees.scala:1663)
	at dotty.tools.dotc.ast.Trees$Instance$TreeAccumulator.fold$1(Trees.scala:1529)
	at dotty.tools.dotc.ast.Trees$Instance$TreeAccumulator.apply(Trees.scala:1531)
	at dotty.tools.dotc.ast.Trees$Instance$TreeAccumulator.foldOver(Trees.scala:1630)
	at dotty.tools.dotc.ast.Trees$Instance$TreeAccumulator.foldOver(Trees.scala:1535)
	at dotty.tools.dotc.ast.Trees$Instance$DeepFolder.apply(Trees.scala:1663)
	at scala.meta.internal.pc.PcDocumentHighlightProvider$.highlights(PcDocumentHighlightProvider.scala:276)

Nov 11, 2022 6:32:59 PM org.eclipse.lsp4j.jsonrpc.RemoteEndpoint handleCancellation
WARNING: Unmatched cancel notification for request id 1050
2022.11.11 18:33:39 INFO  compiling democracy (1 scala source)
2022.11.11 18:33:39 INFO  time: compiled democracy in 0.15s
Nov 11, 2022 6:35:39 PM org.eclipse.lsp4j.jsonrpc.RemoteEndpoint fallbackResponseError
SEVERE: Internal error: scala.meta.internal.metals.debug.DebugProvider$WorkspaceErrorsException$: Cannot run class, since the workspace has errors.
java.util.concurrent.CompletionException: scala.meta.internal.metals.debug.DebugProvider$WorkspaceErrorsException$: Cannot run class, since the workspace has errors.
	at java.base/java.util.concurrent.CompletableFuture.encodeThrowable(CompletableFuture.java:331)
	at java.base/java.util.concurrent.CompletableFuture.uniAcceptNow(CompletableFuture.java:743)
	at java.base/java.util.concurrent.CompletableFuture.uniAcceptStage(CompletableFuture.java:731)
	at java.base/java.util.concurrent.CompletableFuture.thenAcceptAsync(CompletableFuture.java:2112)
	at scala.concurrent.java8.FuturesConvertersImpl$CF.thenAccept(FutureConvertersImpl.scala:37)
	at org.eclipse.lsp4j.jsonrpc.RemoteEndpoint.handleRequest(RemoteEndpoint.java:279)
	at org.eclipse.lsp4j.jsonrpc.RemoteEndpoint.consume(RemoteEndpoint.java:190)
	at org.eclipse.lsp4j.jsonrpc.json.StreamMessageProducer.handleMessage(StreamMessageProducer.java:194)
	at org.eclipse.lsp4j.jsonrpc.json.StreamMessageProducer.listen(StreamMessageProducer.java:94)
	at org.eclipse.lsp4j.jsonrpc.json.ConcurrentMessageProcessor.run(ConcurrentMessageProcessor.java:113)
	at java.base/java.util.concurrent.Executors$RunnableAdapter.call(Executors.java:515)
	at java.base/java.util.concurrent.FutureTask.run(FutureTask.java:264)
	at java.base/java.util.concurrent.ThreadPoolExecutor.runWorker(ThreadPoolExecutor.java:1128)
	at java.base/java.util.concurrent.ThreadPoolExecutor$Worker.run(ThreadPoolExecutor.java:628)
	at java.base/java.lang.Thread.run(Thread.java:829)
Caused by: scala.meta.internal.metals.debug.DebugProvider$WorkspaceErrorsException$: Cannot run class, since the workspace has errors.
	at scala.meta.internal.metals.debug.DebugProvider$WorkspaceErrorsException$.<clinit>(DebugProvider.scala:873)
	at scala.meta.internal.metals.debug.DebugProvider.debugDiscovery(DebugProvider.scala:410)
	at scala.meta.internal.metals.MetalsLanguageServer.executeCommand(MetalsLanguageServer.scala:1963)
	at java.base/jdk.internal.reflect.NativeMethodAccessorImpl.invoke0(Native Method)
	at java.base/jdk.internal.reflect.NativeMethodAccessorImpl.invoke(NativeMethodAccessorImpl.java:62)
	at java.base/jdk.internal.reflect.DelegatingMethodAccessorImpl.invoke(DelegatingMethodAccessorImpl.java:43)
	at java.base/java.lang.reflect.Method.invoke(Method.java:566)
	at org.eclipse.lsp4j.jsonrpc.services.GenericEndpoint.lambda$null$0(GenericEndpoint.java:65)
	at org.eclipse.lsp4j.jsonrpc.services.GenericEndpoint.request(GenericEndpoint.java:120)
	at org.eclipse.lsp4j.jsonrpc.RemoteEndpoint.handleRequest(RemoteEndpoint.java:261)
	... 9 more

2022.11.11 18:35:39 INFO  compiling democracy (1 scala source)
2022.11.11 18:35:39 INFO  time: compiled democracy in 0.16s
2022.11.11 18:37:39 INFO  compiling democracy (1 scala source)
2022.11.11 18:37:39 INFO  time: compiled democracy in 0.45s
Nov 11, 2022 6:37:45 PM org.eclipse.lsp4j.jsonrpc.RemoteEndpoint fallbackResponseError
SEVERE: Internal error: scala.meta.internal.metals.debug.NoTestsFoundException: No tests could be found in build target: democracy
java.util.concurrent.CompletionException: scala.meta.internal.metals.debug.NoTestsFoundException: No tests could be found in build target: democracy
	at java.base/java.util.concurrent.CompletableFuture.encodeThrowable(CompletableFuture.java:331)
	at java.base/java.util.concurrent.CompletableFuture.uniAcceptNow(CompletableFuture.java:743)
	at java.base/java.util.concurrent.CompletableFuture.uniAcceptStage(CompletableFuture.java:731)
	at java.base/java.util.concurrent.CompletableFuture.thenAcceptAsync(CompletableFuture.java:2112)
	at scala.concurrent.java8.FuturesConvertersImpl$CF.thenAccept(FutureConvertersImpl.scala:37)
	at org.eclipse.lsp4j.jsonrpc.RemoteEndpoint.handleRequest(RemoteEndpoint.java:279)
	at org.eclipse.lsp4j.jsonrpc.RemoteEndpoint.consume(RemoteEndpoint.java:190)
	at org.eclipse.lsp4j.jsonrpc.json.StreamMessageProducer.handleMessage(StreamMessageProducer.java:194)
	at org.eclipse.lsp4j.jsonrpc.json.StreamMessageProducer.listen(StreamMessageProducer.java:94)
	at org.eclipse.lsp4j.jsonrpc.json.ConcurrentMessageProcessor.run(ConcurrentMessageProcessor.java:113)
	at java.base/java.util.concurrent.Executors$RunnableAdapter.call(Executors.java:515)
	at java.base/java.util.concurrent.FutureTask.run(FutureTask.java:264)
	at java.base/java.util.concurrent.ThreadPoolExecutor.runWorker(ThreadPoolExecutor.java:1128)
	at java.base/java.util.concurrent.ThreadPoolExecutor$Worker.run(ThreadPoolExecutor.java:628)
	at java.base/java.lang.Thread.run(Thread.java:829)
Caused by: scala.meta.internal.metals.debug.NoTestsFoundException: No tests could be found in build target: democracy
	at scala.meta.internal.metals.debug.DebugProvider.debugDiscovery(DebugProvider.scala:425)
	at scala.meta.internal.metals.MetalsLanguageServer.executeCommand(MetalsLanguageServer.scala:1963)
	at java.base/jdk.internal.reflect.NativeMethodAccessorImpl.invoke0(Native Method)
	at java.base/jdk.internal.reflect.NativeMethodAccessorImpl.invoke(NativeMethodAccessorImpl.java:62)
	at java.base/jdk.internal.reflect.DelegatingMethodAccessorImpl.invoke(DelegatingMethodAccessorImpl.java:43)
	at java.base/java.lang.reflect.Method.invoke(Method.java:566)
	at org.eclipse.lsp4j.jsonrpc.services.GenericEndpoint.lambda$null$0(GenericEndpoint.java:65)
	at org.eclipse.lsp4j.jsonrpc.services.GenericEndpoint.request(GenericEndpoint.java:120)
	at org.eclipse.lsp4j.jsonrpc.RemoteEndpoint.handleRequest(RemoteEndpoint.java:261)
	... 9 more

2022.11.11 18:37:54 INFO  Deduplicating compilation of democracy from bsp client 'Metals 0.11.9' (since 1h 36m 12.812s)
2022.11.11 18:37:54 INFO  Deduplicating compilation of democracy-test from bsp client 'Metals 0.11.9' (since 1h 36m 12.838s)
2022.11.11 18:37:55 INFO  tracing is disabled for protocol dap-server, to enable tracing of incoming and outgoing JSON messages create an empty file at /home/gabor/git_repos/effective_programming_in_scala/democracy/.metals/dap-server.trace.json or /home/gabor/.cache/metals/dap-server.trace.json
2022.11.11 18:37:55 INFO  tracing is disabled for protocol dap-client, to enable tracing of incoming and outgoing JSON messages create an empty file at /home/gabor/git_repos/effective_programming_in_scala/democracy/.metals/dap-client.trace.json or /home/gabor/.cache/metals/dap-client.trace.json
2022.11.11 18:37:55 INFO  Starting debug proxy for [democracy.MajorityJudgementSuite;democracy.MajorityJudgementSuite]
2022.11.11 18:37:54 INFO  Trying to attach to remote debuggee VM localhost:37531 .
2022.11.11 18:37:54 INFO  Attaching to debuggee VM succeeded.
2022.11.11 18:37:55 INFO  Canceling debug proxy for [democracy.MajorityJudgementSuite;democracy.MajorityJudgementSuite]
2022.11.11 18:37:56 INFO  Closing debug server tcp://0.0.0.0:42913
java.util.concurrent.RejectedExecutionException: Task Future(<not completed>) rejected from java.util.concurrent.ThreadPoolExecutor@68874a50[Shutting down, pool size = 6, active threads = 3, queued tasks = 0, completed tasks = 17801]
	at java.base/java.util.concurrent.ThreadPoolExecutor$AbortPolicy.rejectedExecution(ThreadPoolExecutor.java:2055)
	at java.base/java.util.concurrent.ThreadPoolExecutor.reject(ThreadPoolExecutor.java:825)
	at java.base/java.util.concurrent.ThreadPoolExecutor.execute(ThreadPoolExecutor.java:1355)
	at scala.concurrent.impl.ExecutionContextImpl.execute(ExecutionContextImpl.scala:21)
	at scala.concurrent.impl.Promise$Transformation.submitWithValue(Promise.scala:429)
	at scala.concurrent.impl.Promise$DefaultPromise.submitWithValue(Promise.scala:338)
	at scala.concurrent.impl.Promise$DefaultPromise.tryComplete0(Promise.scala:285)
	at scala.concurrent.impl.Promise$Transformation.run(Promise.scala:504)
	at java.base/java.util.concurrent.ThreadPoolExecutor.runWorker(ThreadPoolExecutor.java:1128)
	at java.base/java.util.concurrent.ThreadPoolExecutor$Worker.run(ThreadPoolExecutor.java:628)
	at java.base/java.lang.Thread.run(Thread.java:829)
java.util.concurrent.RejectedExecutionException: Task Future(<not completed>) rejected from java.util.concurrent.ThreadPoolExecutor@68874a50[Shutting down, pool size = 3, active threads = 3, queued tasks = 0, completed tasks = 17801]
	at java.base/java.util.concurrent.ThreadPoolExecutor$AbortPolicy.rejectedExecution(ThreadPoolExecutor.java:2055)
	at java.base/java.util.concurrent.ThreadPoolExecutor.reject(ThreadPoolExecutor.java:825)
	at java.base/java.util.concurrent.ThreadPoolExecutor.execute(ThreadPoolExecutor.java:1355)
	at scala.concurrent.impl.ExecutionContextImpl.execute(ExecutionContextImpl.scala:21)
	at scala.concurrent.impl.Promise$Transformation.submitWithValue(Promise.scala:429)
	at scala.concurrent.impl.Promise$DefaultPromise.submitWithValue(Promise.scala:338)
	at scala.concurrent.impl.Promise$DefaultPromise.tryComplete0(Promise.scala:285)
	at scala.concurrent.impl.Promise$Transformation.handleFailure(Promise.scala:444)
	at scala.concurrent.impl.Promise$Transformation.submitWithValue(Promise.scala:435)
	at scala.concurrent.impl.Promise$DefaultPromise.submitWithValue(Promise.scala:338)
	at scala.concurrent.impl.Promise$DefaultPromise.tryComplete0(Promise.scala:285)
	at scala.concurrent.impl.Promise$Transformation.run(Promise.scala:504)
	at java.base/java.util.concurrent.ThreadPoolExecutor.runWorker(ThreadPoolExecutor.java:1128)
	at java.base/java.util.concurrent.ThreadPoolExecutor$Worker.run(ThreadPoolExecutor.java:628)
	at java.base/java.lang.Thread.run(Thread.java:829)
java.util.concurrent.RejectedExecutionException: Task Future(<not completed>) rejected from java.util.concurrent.ThreadPoolExecutor@68874a50[Shutting down, pool size = 4, active threads = 3, queued tasks = 0, completed tasks = 17801]
	at java.base/java.util.concurrent.ThreadPoolExecutor$AbortPolicy.rejectedExecution(ThreadPoolExecutor.java:2055)
	at java.base/java.util.concurrent.ThreadPoolExecutor.reject(ThreadPoolExecutor.java:825)
	at java.base/java.util.concurrent.ThreadPoolExecutor.execute(ThreadPoolExecutor.java:1355)
	at scala.concurrent.impl.ExecutionContextImpl.execute(ExecutionContextImpl.scala:21)
	at scala.concurrent.impl.Promise$Transformation.submitWithValue(Promise.scala:429)
	at scala.concurrent.impl.Promise$DefaultPromise.submitWithValue(Promise.scala:338)
	at scala.concurrent.impl.Promise$DefaultPromise.tryComplete0(Promise.scala:285)
	at scala.concurrent.impl.Promise$Transformation.run(Promise.scala:504)
	at java.base/java.util.concurrent.ThreadPoolExecutor.runWorker(ThreadPoolExecutor.java:1128)
	at java.base/java.util.concurrent.ThreadPoolExecutor$Worker.run(ThreadPoolExecutor.java:628)
	at java.base/java.lang.Thread.run(Thread.java:829)
2022.11.14 09:34:30 INFO  tracing is disabled for protocol LSP, to enable tracing of incoming and outgoing JSON messages create an empty file at /home/gabor/git_repos/effective_programming_in_scala/democracy/.metals/lsp.trace.json or /home/gabor/.cache/metals/lsp.trace.json
2022.11.14 09:34:31 INFO  logging to file /home/gabor/git_repos/effective_programming_in_scala/democracy/.metals/metals.log
2022.11.14 09:34:31 INFO  Started: Metals version 0.11.9 in workspace '/home/gabor/git_repos/effective_programming_in_scala/democracy' for client Visual Studio Code 1.71.2.
2022.11.14 09:34:33 INFO  time: initialize in 2.36s
2022.11.14 09:34:36 INFO  Attempting to connect to the build server...
2022.11.14 09:34:36 INFO  Bloop uses /usr/lib/jvm/java-11-openjdk-amd64 defined at /home/gabor/.bloop/bloop.json
2022.11.14 09:34:37 INFO  skipping build import with status 'Installed'
2022.11.14 09:34:44 INFO  tracing is disabled for protocol BSP, to enable tracing of incoming and outgoing JSON messages create an empty file at /home/gabor/git_repos/effective_programming_in_scala/democracy/.metals/bsp.trace.json or /home/gabor/.cache/metals/bsp.trace.json
2022.11.14 09:34:44 INFO  Attempting to connect to the build server...
2022.11.14 09:34:44 INFO  Bloop uses /usr/lib/jvm/java-11-openjdk-amd64 defined at /home/gabor/.bloop/bloop.json
2022.11.14 09:34:44 INFO  Attempting to connect to the build server...
2022.11.14 09:34:44 INFO  Bloop uses /usr/lib/jvm/java-11-openjdk-amd64 defined at /home/gabor/.bloop/bloop.json
2022.11.14 09:34:44 INFO  tracing is disabled for protocol BSP, to enable tracing of incoming and outgoing JSON messages create an empty file at /home/gabor/git_repos/effective_programming_in_scala/democracy/project/project/.metals/bsp.trace.json or /home/gabor/.cache/metals/bsp.trace.json
2022.11.14 09:34:44 INFO  tracing is disabled for protocol BSP, to enable tracing of incoming and outgoing JSON messages create an empty file at /home/gabor/git_repos/effective_programming_in_scala/democracy/project/.metals/bsp.trace.json or /home/gabor/.cache/metals/bsp.trace.json
2022.11.14 09:34:44 INFO  time: Connected to build server in 7.98s
2022.11.14 09:34:44 INFO  Connected to Build server: Bloop v1.5.4
2022.11.14 09:34:46 INFO  no build target found for /home/gabor/git_repos/effective_programming_in_scala/democracy/src/main/scala/democracy/MajorityJudgement.scala. Using presentation compiler with project's scala-library version: 3.2.0
2022.11.14 09:34:46 INFO  time: Imported build in 0.24s
2022.11.14 09:34:48 INFO  no build target found for /home/gabor/git_repos/effective_programming_in_scala/democracy/src/main/scala/democracy/MajorityJudgement.scala. Using presentation compiler with project's scala-library version: 3.2.0
2022.11.14 09:34:52 INFO  time: code lens generation in 5.86s
2022.11.14 09:34:55 WARN  Could not find java sources in /usr/lib/jvm/src.zip, /usr/lib/jvm/lib/src.zip, /usr/lib/jvm/java-11-openjdk-amd64/src.zip, /usr/lib/jvm/java-11-openjdk-amd64/lib/src.zip. Java symbols will not be available.
2022.11.14 09:34:55 WARN  Could not find java sources in /usr/lib/jvm/src.zip, /usr/lib/jvm/lib/src.zip, /usr/lib/jvm/java-11-openjdk-amd64/src.zip, /usr/lib/jvm/java-11-openjdk-amd64/lib/src.zip. Java symbols will not be available.
2022.11.14 09:34:55 WARN  Could not find java sources in /usr/lib/jvm/src.zip, /usr/lib/jvm/lib/src.zip, /usr/lib/jvm/java-11-openjdk-amd64/src.zip, /usr/lib/jvm/java-11-openjdk-amd64/lib/src.zip. Java symbols will not be available.
2022.11.14 09:34:55 INFO  time: indexed workspace in 9.34s
Nov 14, 2022 9:56:28 AM org.eclipse.lsp4j.jsonrpc.RemoteEndpoint handleCancellation
WARNING: Unmatched cancel notification for request id 74
Nov 14, 2022 9:56:28 AM org.eclipse.lsp4j.jsonrpc.RemoteEndpoint handleCancellation
WARNING: Unmatched cancel notification for request id 76
Exception in thread "pool-4-thread-1" java.lang.InterruptedException
	at scala.meta.internal.metals.FutureCancelToken.checkCanceled(FutureCancelToken.scala:29)
	at scala.meta.internal.pc.CompilerAccess.onCompilerJobQueue$$anonfun$1(CompilerAccess.scala:195)
	at scala.meta.internal.pc.CompilerJobQueue$Job.run(CompilerJobQueue.scala:152)
	at java.base/java.util.concurrent.ThreadPoolExecutor.runWorker(ThreadPoolExecutor.java:1128)
	at java.base/java.util.concurrent.ThreadPoolExecutor$Worker.run(ThreadPoolExecutor.java:628)
	at java.base/java.lang.Thread.run(Thread.java:829)
Exception in thread "pool-4-thread-2" java.lang.InterruptedException
	at scala.meta.internal.metals.FutureCancelToken.checkCanceled(FutureCancelToken.scala:29)
	at scala.meta.internal.pc.CompilerAccess.onCompilerJobQueue$$anonfun$1(CompilerAccess.scala:195)
	at scala.meta.internal.pc.CompilerJobQueue$Job.run(CompilerJobQueue.scala:152)
	at java.base/java.util.concurrent.ThreadPoolExecutor.runWorker(ThreadPoolExecutor.java:1128)
	at java.base/java.util.concurrent.ThreadPoolExecutor$Worker.run(ThreadPoolExecutor.java:628)
	at java.base/java.lang.Thread.run(Thread.java:829)
2022.11.14 09:56:43 INFO  compiling democracy (1 scala source)
2022.11.14 09:56:46 INFO  time: compiled democracy in 3.5s
2022.11.14 09:56:56 INFO  compiling democracy (1 scala source)
2022.11.14 09:56:56 INFO  time: compiled democracy in 0.89s
Nov 14, 2022 10:01:50 AM org.eclipse.lsp4j.jsonrpc.RemoteEndpoint handleCancellation
WARNING: Unmatched cancel notification for request id 141
2022.11.14 10:02:58 INFO  compiling democracy (1 scala source)
2022.11.14 10:02:58 INFO  time: compiled democracy in 0.68s
Nov 14, 2022 10:03:11 AM org.eclipse.lsp4j.jsonrpc.RemoteEndpoint handleCancellation
WARNING: Unmatched cancel notification for request id 233
2022.11.14 10:05:08 INFO  compiling democracy (1 scala source)
2022.11.14 10:05:08 INFO  time: compiled democracy in 0.66s
Nov 14, 2022 10:05:37 AM org.eclipse.lsp4j.jsonrpc.RemoteEndpoint handleCancellation
WARNING: Unmatched cancel notification for request id 261
2022.11.14 10:07:02 INFO  compiling democracy (1 scala source)
2022.11.14 10:07:02 INFO  time: compiled democracy in 0.19s
2022.11.14 10:10:40 INFO  compiling democracy (1 scala source)
2022.11.14 10:10:40 INFO  time: compiled democracy in 0.59s
Nov 14, 2022 10:10:49 AM org.eclipse.lsp4j.jsonrpc.RemoteEndpoint handleCancellation
WARNING: Unmatched cancel notification for request id 391
2022.11.14 10:14:30 INFO  compiling democracy (1 scala source)
2022.11.14 10:14:30 INFO  time: compiled democracy in 0.55s
2022.11.14 10:18:41 INFO  compiling democracy (1 scala source)
2022.11.14 10:18:41 INFO  time: compiled democracy in 0.68s
Nov 14, 2022 10:18:45 AM org.eclipse.lsp4j.jsonrpc.RemoteEndpoint handleCancellation
WARNING: Unmatched cancel notification for request id 640
Nov 14, 2022 10:19:17 AM org.eclipse.lsp4j.jsonrpc.RemoteEndpoint handleCancellation
WARNING: Unmatched cancel notification for request id 645
2022.11.14 10:19:38 INFO  compiling democracy (1 scala source)
2022.11.14 10:19:38 INFO  time: compiled democracy in 0.58s
2022.11.14 10:21:26 INFO  compiling democracy (1 scala source)
2022.11.14 10:21:26 INFO  time: compiled democracy in 0.51s
Exception in thread "pool-4-thread-3" java.lang.InterruptedException
	at scala.meta.internal.metals.FutureCancelToken.checkCanceled(FutureCancelToken.scala:29)
	at scala.meta.internal.pc.CompilerAccess.onCompilerJobQueue$$anonfun$1(CompilerAccess.scala:195)
	at scala.meta.internal.pc.CompilerJobQueue$Job.run(CompilerJobQueue.scala:152)
	at java.base/java.util.concurrent.ThreadPoolExecutor.runWorker(ThreadPoolExecutor.java:1128)
	at java.base/java.util.concurrent.ThreadPoolExecutor$Worker.run(ThreadPoolExecutor.java:628)
	at java.base/java.lang.Thread.run(Thread.java:829)
Nov 14, 2022 10:23:26 AM org.eclipse.lsp4j.jsonrpc.RemoteEndpoint handleCancellation
WARNING: Unmatched cancel notification for request id 716
2022.11.14 10:23:26 INFO  compiling democracy (1 scala source)
2022.11.14 10:23:27 INFO  time: compiled democracy in 1.06s
Nov 14, 2022 10:24:54 AM org.eclipse.lsp4j.jsonrpc.RemoteEndpoint handleCancellation
WARNING: Unmatched cancel notification for request id 770
Exception in thread "pool-4-thread-4" java.lang.InterruptedException
	at scala.meta.internal.metals.FutureCancelToken.checkCanceled(FutureCancelToken.scala:29)
	at scala.meta.internal.pc.CompilerAccess.onCompilerJobQueue$$anonfun$1(CompilerAccess.scala:195)
	at scala.meta.internal.pc.CompilerJobQueue$Job.run(CompilerJobQueue.scala:152)
	at java.base/java.util.concurrent.ThreadPoolExecutor.runWorker(ThreadPoolExecutor.java:1128)
	at java.base/java.util.concurrent.ThreadPoolExecutor$Worker.run(ThreadPoolExecutor.java:628)
	at java.base/java.lang.Thread.run(Thread.java:829)
2022.11.14 10:31:48 INFO  compiling democracy (1 scala source)
2022.11.14 10:31:48 INFO  time: compiled democracy in 0.6s
Nov 14, 2022 10:33:47 AM org.eclipse.lsp4j.jsonrpc.RemoteEndpoint handleCancellation
WARNING: Unmatched cancel notification for request id 847
2022.11.14 10:33:52 INFO  compiling democracy (1 scala source)
2022.11.14 10:33:52 INFO  time: compiled democracy in 0.47s
2022.11.14 10:36:08 INFO  compiling democracy (1 scala source)
2022.11.14 10:36:08 INFO  time: compiled democracy in 0.39s
2022.11.14 10:36:21 INFO  compiling democracy (1 scala source)
2022.11.14 10:36:21 INFO  time: compiled democracy in 0.38s
2022.11.14 10:37:33 INFO  compiling democracy (1 scala source)
2022.11.14 10:37:33 INFO  time: compiled democracy in 0.34s
2022.11.14 10:39:00 INFO  compiling democracy (1 scala source)
2022.11.14 10:39:00 INFO  time: compiled democracy in 0.15s
2022.11.14 10:40:06 INFO  compiling democracy (1 scala source)
2022.11.14 10:40:06 INFO  time: compiled democracy in 0.37s
2022.11.14 10:40:14 INFO  compiling democracy (1 scala source)
2022.11.14 10:40:14 INFO  time: compiled democracy in 0.36s
2022.11.14 10:40:19 INFO  compiling democracy (1 scala source)
2022.11.14 10:40:19 INFO  time: compiled democracy in 0.17s
2022.11.14 11:24:43 INFO  compiling democracy (1 scala source)
2022.11.14 11:24:43 INFO  time: compiled democracy in 0.14s
2022.11.14 11:27:58 INFO  compiling democracy (1 scala source)
2022.11.14 11:27:58 INFO  time: compiled democracy in 0.41s
Nov 14, 2022 11:28:11 AM scala.meta.internal.pc.CompilerAccess handleError
SEVERE: NoDenotation.owner
java.lang.AssertionError: NoDenotation.owner
	at dotty.tools.dotc.core.SymDenotations$NoDenotation$.owner(SymDenotations.scala:2511)
	at scala.meta.internal.pc.PcDocumentHighlightProvider$.isForComprehensionOwner$1(PcDocumentHighlightProvider.scala:163)
	at scala.meta.internal.pc.PcDocumentHighlightProvider$.collectNames$1(PcDocumentHighlightProvider.scala:178)
	at scala.meta.internal.pc.PcDocumentHighlightProvider$.$anonfun$4(PcDocumentHighlightProvider.scala:275)
	at dotty.tools.dotc.ast.Trees$Instance$DeepFolder.apply(Trees.scala:1663)
	at dotty.tools.dotc.ast.Trees$Instance$TreeAccumulator.fold$1(Trees.scala:1529)
	at dotty.tools.dotc.ast.Trees$Instance$TreeAccumulator.apply(Trees.scala:1531)
	at dotty.tools.dotc.ast.Trees$Instance$TreeAccumulator.foldOver(Trees.scala:1548)
	at dotty.tools.dotc.ast.Trees$Instance$DeepFolder.apply(Trees.scala:1663)
	at dotty.tools.dotc.ast.Trees$Instance$TreeAccumulator.foldOver(Trees.scala:1617)
	at dotty.tools.dotc.ast.Trees$Instance$DeepFolder.apply(Trees.scala:1663)
	at dotty.tools.dotc.ast.Trees$Instance$TreeAccumulator.fold$1(Trees.scala:1529)
	at dotty.tools.dotc.ast.Trees$Instance$TreeAccumulator.apply(Trees.scala:1531)
	at dotty.tools.dotc.ast.Trees$Instance$TreeAccumulator.foldOver(Trees.scala:1562)
	at dotty.tools.dotc.ast.Trees$Instance$DeepFolder.apply(Trees.scala:1663)
	at dotty.tools.dotc.ast.Trees$Instance$TreeAccumulator.fold$1(Trees.scala:1529)
	at dotty.tools.dotc.ast.Trees$Instance$TreeAccumulator.apply(Trees.scala:1531)
	at dotty.tools.dotc.ast.Trees$Instance$TreeAccumulator.foldOver(Trees.scala:1548)
	at dotty.tools.dotc.ast.Trees$Instance$DeepFolder.apply(Trees.scala:1663)
	at dotty.tools.dotc.ast.Trees$Instance$TreeAccumulator.foldOver(Trees.scala:1613)
	at dotty.tools.dotc.ast.Trees$Instance$DeepFolder.apply(Trees.scala:1663)
	at dotty.tools.dotc.ast.Trees$Instance$TreeAccumulator.fold$1(Trees.scala:1529)
	at dotty.tools.dotc.ast.Trees$Instance$TreeAccumulator.apply(Trees.scala:1531)
	at dotty.tools.dotc.ast.Trees$Instance$TreeAccumulator.foldOver(Trees.scala:1562)
	at dotty.tools.dotc.ast.Trees$Instance$DeepFolder.apply(Trees.scala:1663)
	at dotty.tools.dotc.ast.Trees$Instance$TreeAccumulator.foldOver(Trees.scala:1613)
	at dotty.tools.dotc.ast.Trees$Instance$DeepFolder.apply(Trees.scala:1663)
	at dotty.tools.dotc.ast.Trees$Instance$TreeAccumulator.fold$1(Trees.scala:1529)
	at dotty.tools.dotc.ast.Trees$Instance$TreeAccumulator.apply(Trees.scala:1531)
	at dotty.tools.dotc.ast.Trees$Instance$TreeAccumulator.foldOver(Trees.scala:1562)
	at dotty.tools.dotc.ast.Trees$Instance$DeepFolder.apply(Trees.scala:1663)
	at dotty.tools.dotc.ast.Trees$Instance$TreeAccumulator.foldOver(Trees.scala:1564)
	at dotty.tools.dotc.ast.Trees$Instance$DeepFolder.apply(Trees.scala:1663)
	at dotty.tools.dotc.ast.Trees$Instance$TreeAccumulator.foldOver(Trees.scala:1617)
	at dotty.tools.dotc.ast.Trees$Instance$DeepFolder.apply(Trees.scala:1663)
	at dotty.tools.dotc.ast.Trees$Instance$TreeAccumulator.fold$1(Trees.scala:1529)
	at dotty.tools.dotc.ast.Trees$Instance$TreeAccumulator.apply(Trees.scala:1531)
	at dotty.tools.dotc.ast.Trees$Instance$TreeAccumulator.foldOver(Trees.scala:1624)
	at dotty.tools.dotc.ast.Trees$Instance$DeepFolder.apply(Trees.scala:1663)
	at dotty.tools.dotc.ast.Trees$Instance$TreeAccumulator.foldOver(Trees.scala:1621)
	at dotty.tools.dotc.ast.Trees$Instance$DeepFolder.apply(Trees.scala:1663)
	at dotty.tools.dotc.ast.Trees$Instance$TreeAccumulator.fold$1(Trees.scala:1529)
	at dotty.tools.dotc.ast.Trees$Instance$TreeAccumulator.apply(Trees.scala:1531)
	at dotty.tools.dotc.ast.Trees$Instance$TreeAccumulator.foldOver(Trees.scala:1630)
	at dotty.tools.dotc.ast.Trees$Instance$TreeAccumulator.foldOver(Trees.scala:1535)
	at dotty.tools.dotc.ast.Trees$Instance$DeepFolder.apply(Trees.scala:1663)
	at scala.meta.internal.pc.PcDocumentHighlightProvider$.highlights(PcDocumentHighlightProvider.scala:276)

2022.11.14 11:28:18 INFO  compiling democracy (1 scala source)
2022.11.14 11:28:18 INFO  time: compiled democracy in 0.48s
2022.11.14 11:28:34 INFO  compiling democracy (1 scala source)
2022.11.14 11:28:34 INFO  time: compiled democracy in 0.14s
2022.11.14 11:31:31 INFO  compiling democracy (1 scala source)
2022.11.14 11:31:31 INFO  time: compiled democracy in 0.21s
Nov 14, 2022 11:31:32 AM org.eclipse.lsp4j.jsonrpc.RemoteEndpoint handleCancellation
WARNING: Unmatched cancel notification for request id 1381
2022.11.14 11:31:38 INFO  compiling democracy (1 scala source)
2022.11.14 11:31:39 INFO  time: compiled democracy in 1.5s
2022.11.14 11:33:15 INFO  compiling democracy (1 scala source)
2022.11.14 11:33:15 INFO  time: compiled democracy in 0.67s
2022.11.14 11:39:27 INFO  compiling democracy (1 scala source)
2022.11.14 11:39:27 INFO  time: compiled democracy in 0.23s
2022.11.14 11:39:34 INFO  compiling democracy (1 scala source)
2022.11.14 11:39:34 INFO  time: compiled democracy in 0.17s
2022.11.14 11:40:21 INFO  compiling democracy (1 scala source)
2022.11.14 11:40:21 INFO  time: compiled democracy in 0.45s
2022.11.14 11:40:31 INFO  compiling democracy (1 scala source)
2022.11.14 11:40:31 INFO  time: compiled democracy in 0.2s
Exception in thread "pool-4-thread-5" java.lang.InterruptedException
	at scala.meta.internal.metals.FutureCancelToken.checkCanceled(FutureCancelToken.scala:29)
	at scala.meta.internal.pc.CompilerAccess.onCompilerJobQueue$$anonfun$1(CompilerAccess.scala:195)
	at scala.meta.internal.pc.CompilerJobQueue$Job.run(CompilerJobQueue.scala:152)
	at java.base/java.util.concurrent.ThreadPoolExecutor.runWorker(ThreadPoolExecutor.java:1128)
	at java.base/java.util.concurrent.ThreadPoolExecutor$Worker.run(ThreadPoolExecutor.java:628)
	at java.base/java.lang.Thread.run(Thread.java:829)
2022.11.14 11:43:02 INFO  compiling democracy (1 scala source)
Exception in thread "pool-4-thread-6" java.lang.InterruptedException
	at scala.meta.internal.metals.FutureCancelToken.checkCanceled(FutureCancelToken.scala:29)
	at scala.meta.internal.pc.CompilerAccess.onCompilerJobQueue$$anonfun$1(CompilerAccess.scala:195)
	at scala.meta.internal.pc.CompilerJobQueue$Job.run(CompilerJobQueue.scala:152)
	at java.base/java.util.concurrent.ThreadPoolExecutor.runWorker(ThreadPoolExecutor.java:1128)
	at java.base/java.util.concurrent.ThreadPoolExecutor$Worker.run(ThreadPoolExecutor.java:628)
	at java.base/java.lang.Thread.run(Thread.java:829)
2022.11.14 11:43:02 INFO  time: compiled democracy in 0.25s
2022.11.14 11:43:06 INFO  compiling democracy (1 scala source)
2022.11.14 11:43:06 INFO  time: compiled democracy in 0.42s
2022.11.14 11:44:04 INFO  compiling democracy (1 scala source)
2022.11.14 11:44:04 INFO  time: compiled democracy in 0.35s
Nov 14, 2022 11:55:49 AM org.eclipse.lsp4j.jsonrpc.RemoteEndpoint handleCancellation
WARNING: Unmatched cancel notification for request id 1802
2022.11.14 11:56:00 INFO  compiling democracy (1 scala source)
2022.11.14 11:56:00 INFO  time: compiled democracy in 0.36s
2022.11.14 11:56:23 INFO  compiling democracy (1 scala source)
2022.11.14 11:56:23 INFO  time: compiled democracy in 0.52s
2022.11.14 11:57:57 INFO  compiling democracy (1 scala source)
2022.11.14 11:57:57 INFO  time: compiled democracy in 0.39s
2022.11.14 11:59:10 INFO  compiling democracy (1 scala source)
2022.11.14 11:59:10 INFO  time: compiled democracy in 0.5s
2022.11.14 11:59:35 INFO  tracing is disabled for protocol dap-server, to enable tracing of incoming and outgoing JSON messages create an empty file at /home/gabor/git_repos/effective_programming_in_scala/democracy/.metals/dap-server.trace.json or /home/gabor/.cache/metals/dap-server.trace.json
2022.11.14 11:59:35 INFO  tracing is disabled for protocol dap-client, to enable tracing of incoming and outgoing JSON messages create an empty file at /home/gabor/git_repos/effective_programming_in_scala/democracy/.metals/dap-client.trace.json or /home/gabor/.cache/metals/dap-client.trace.json
2022.11.14 11:59:35 INFO  Starting debug proxy for [democracy.MajorityJudgementSuite;democracy.MajorityJudgementSuite]
2022.11.14 11:59:36 INFO  Trying to attach to remote debuggee VM localhost:55623 .
2022.11.14 11:59:36 INFO  Attaching to debuggee VM succeeded.
2022.11.14 11:59:37 INFO  Canceling debug proxy for [democracy.MajorityJudgementSuite;democracy.MajorityJudgementSuite]
2022.11.14 11:59:37 INFO  Closing debug server tcp://0.0.0.0:39909
Nov 14, 2022 11:59:37 AM org.eclipse.lsp4j.jsonrpc.json.StreamMessageProducer fireError
SEVERE: java.net.SocketException: Socket closed
org.eclipse.lsp4j.jsonrpc.JsonRpcException: java.net.SocketException: Socket closed
	at org.eclipse.lsp4j.jsonrpc.json.StreamMessageConsumer.consume(StreamMessageConsumer.java:72)
	at scala.meta.internal.metals.debug.SocketEndpoint.consume(SocketEndpoint.scala:22)
	at scala.meta.internal.metals.debug.MessageIdAdapter.consume(MessageIdAdapter.scala:43)
	at scala.meta.internal.metals.debug.ServerAdapter.send(ServerAdapter.scala:30)
	at scala.meta.internal.metals.debug.DebugProxy.$anonfun$handleClientMessage$1(DebugProxy.scala:146)
	at scala.meta.internal.metals.debug.MessageIdAdapter.$anonfun$listen$1(MessageIdAdapter.scala:57)
	at org.eclipse.lsp4j.jsonrpc.json.StreamMessageProducer.handleMessage(StreamMessageProducer.java:194)
	at org.eclipse.lsp4j.jsonrpc.json.StreamMessageProducer.listen(StreamMessageProducer.java:94)
	at scala.meta.internal.metals.debug.SocketEndpoint.listen(SocketEndpoint.scala:26)
	at scala.meta.internal.metals.debug.MessageIdAdapter.listen(MessageIdAdapter.scala:47)
	at scala.meta.internal.metals.debug.DebugProxy.$anonfun$listenToClient$1(DebugProxy.scala:65)
	at scala.runtime.java8.JFunction0$mcV$sp.apply(JFunction0$mcV$sp.scala:18)
	at scala.concurrent.Future$.$anonfun$apply$1(Future.scala:678)
	at scala.concurrent.impl.Promise$Transformation.run(Promise.scala:467)
	at java.base/java.util.concurrent.ThreadPoolExecutor.runWorker(ThreadPoolExecutor.java:1128)
	at java.base/java.util.concurrent.ThreadPoolExecutor$Worker.run(ThreadPoolExecutor.java:628)
	at java.base/java.lang.Thread.run(Thread.java:829)
Caused by: java.net.SocketException: Socket closed
	at java.base/java.net.SocketOutputStream.socketWrite(SocketOutputStream.java:113)
	at java.base/java.net.SocketOutputStream.write(SocketOutputStream.java:150)
	at java.base/java.io.BufferedOutputStream.flushBuffer(BufferedOutputStream.java:81)
	at java.base/java.io.BufferedOutputStream.flush(BufferedOutputStream.java:142)
	at org.eclipse.lsp4j.jsonrpc.json.StreamMessageConsumer.consume(StreamMessageConsumer.java:69)
	... 16 more

2022.11.14 12:01:29 INFO  compiling democracy (1 scala source)
2022.11.14 12:01:29 INFO  time: compiled democracy in 0.62s
2022.11.14 12:01:35 INFO  Deduplicating compilation of democracy from bsp client 'Metals 0.11.9' (since 2h 26m 51.019s)
2022.11.14 12:01:35 INFO  tracing is disabled for protocol dap-server, to enable tracing of incoming and outgoing JSON messages create an empty file at /home/gabor/git_repos/effective_programming_in_scala/democracy/.metals/dap-server.trace.json or /home/gabor/.cache/metals/dap-server.trace.json
2022.11.14 12:01:35 INFO  tracing is disabled for protocol dap-client, to enable tracing of incoming and outgoing JSON messages create an empty file at /home/gabor/git_repos/effective_programming_in_scala/democracy/.metals/dap-client.trace.json or /home/gabor/.cache/metals/dap-client.trace.json
2022.11.14 12:01:35 INFO  Starting debug proxy for [democracy.MajorityJudgementSuite;democracy.MajorityJudgementSuite]
2022.11.14 12:01:35 INFO  Trying to attach to remote debuggee VM localhost:53907 .
2022.11.14 12:01:35 INFO  Attaching to debuggee VM succeeded.
2022.11.14 12:01:36 INFO  Canceling debug proxy for [democracy.MajorityJudgementSuite;democracy.MajorityJudgementSuite]
2022.11.14 12:01:36 INFO  Closing debug server tcp://0.0.0.0:35201
2022.11.14 12:08:17 INFO  compiling democracy (1 scala source)
2022.11.14 12:08:17 INFO  time: compiled democracy in 0.5s
2022.11.14 12:08:21 INFO  Deduplicating compilation of democracy from bsp client 'Metals 0.11.9' (since 2h 33m 36.655s)
2022.11.14 12:08:21 INFO  Deduplicating compilation of democracy-test from bsp client 'Metals 0.11.9' (since 2h 33m 36.671s)
2022.11.14 12:08:21 INFO  tracing is disabled for protocol dap-server, to enable tracing of incoming and outgoing JSON messages create an empty file at /home/gabor/git_repos/effective_programming_in_scala/democracy/.metals/dap-server.trace.json or /home/gabor/.cache/metals/dap-server.trace.json
2022.11.14 12:08:21 INFO  tracing is disabled for protocol dap-client, to enable tracing of incoming and outgoing JSON messages create an empty file at /home/gabor/git_repos/effective_programming_in_scala/democracy/.metals/dap-client.trace.json or /home/gabor/.cache/metals/dap-client.trace.json
2022.11.14 12:08:21 INFO  Starting debug proxy for [democracy.MajorityJudgementSuite;democracy.MajorityJudgementSuite]
2022.11.14 12:08:21 INFO  Trying to attach to remote debuggee VM localhost:36567 .
2022.11.14 12:08:21 INFO  Attaching to debuggee VM succeeded.
2022.11.14 12:08:22 INFO  Closing debug server tcp://0.0.0.0:39867
2022.11.14 12:08:22 INFO  Canceling debug proxy for [democracy.MajorityJudgementSuite;democracy.MajorityJudgementSuite]
2022.11.14 12:09:49 INFO  time: code lens generation in 3.05s
2022.11.14 12:09:49 INFO  time: code lens generation in 3.71s
2022.11.14 12:09:49 INFO  time: code lens generation in 2.57s
2022.11.14 12:15:59 INFO  shutting down Metals
2022.11.14 12:15:59 INFO  Shut down connection with build server.
2022.11.14 12:15:59 INFO  Shut down connection with build server.
2022.11.14 12:15:59 INFO  Shut down connection with build server.
