2022.11.09 21:33:55 INFO  tracing is disabled for protocol LSP, to enable tracing of incoming and outgoing JSON messages create an empty file at /home/gabor/git_repos/effective_programming_in_scala/foo/.metals/lsp.trace.json or /home/gabor/.cache/metals/lsp.trace.json
2022.11.09 21:33:56 INFO  logging to file /home/gabor/git_repos/effective_programming_in_scala/foo/.metals/metals.log
2022.11.09 21:33:56 INFO  Started: Metals version 0.11.9 in workspace '/home/gabor/git_repos/effective_programming_in_scala/foo' for client Visual Studio Code 1.71.2.
2022.11.09 21:33:58 INFO  time: initialize in 1.62s
2022.11.09 21:34:00 WARN  Build server is not auto-connectable.
2022.11.09 21:34:00 WARN  no build tool detected in workspace '/home/gabor/git_repos/effective_programming_in_scala/foo'. The most common cause for this problem is that the editor was opened in the wrong working directory, for example if you use sbt then the workspace directory should contain build.sbt. 
2022.11.09 21:34:03 INFO  no build target found for /home/gabor/git_repos/effective_programming_in_scala/foo/bar.sc. Using presentation compiler with project's scala-library version: 3.2.0
2022.11.09 21:34:04 INFO  time: code lens generation in 4.16s
2022.11.09 21:34:42 WARN  no build target for: /home/gabor/git_repos/effective_programming_in_scala/foo/bar.sc
Nov 09, 2022 9:35:23 PM org.eclipse.lsp4j.jsonrpc.RemoteEndpoint handleNotification
WARNING: Notification threw an exception: {
  "jsonrpc": "2.0",
  "method": "workspace/didChangeWatchedFiles",
  "params": {
    "changes": [
      {
        "uri": "file:///home/gabor/git_repos/effective_programming_in_scala/foo/bar.sc",
        "type": 3
      }
    ]
  }
}
java.lang.RuntimeException: java.lang.reflect.InvocationTargetException
	at org.eclipse.lsp4j.jsonrpc.services.GenericEndpoint.lambda$null$0(GenericEndpoint.java:67)
	at org.eclipse.lsp4j.jsonrpc.services.GenericEndpoint.notify(GenericEndpoint.java:152)
	at org.eclipse.lsp4j.jsonrpc.RemoteEndpoint.handleNotification(RemoteEndpoint.java:220)
	at org.eclipse.lsp4j.jsonrpc.RemoteEndpoint.consume(RemoteEndpoint.java:187)
	at org.eclipse.lsp4j.jsonrpc.json.StreamMessageProducer.handleMessage(StreamMessageProducer.java:194)
	at org.eclipse.lsp4j.jsonrpc.json.StreamMessageProducer.listen(StreamMessageProducer.java:94)
	at org.eclipse.lsp4j.jsonrpc.json.ConcurrentMessageProcessor.run(ConcurrentMessageProcessor.java:113)
	at java.base/java.util.concurrent.Executors$RunnableAdapter.call(Executors.java:515)
	at java.base/java.util.concurrent.FutureTask.run(FutureTask.java:264)
	at java.base/java.util.concurrent.ThreadPoolExecutor.runWorker(ThreadPoolExecutor.java:1128)
	at java.base/java.util.concurrent.ThreadPoolExecutor$Worker.run(ThreadPoolExecutor.java:628)
	at java.base/java.lang.Thread.run(Thread.java:829)
Caused by: java.lang.reflect.InvocationTargetException
	at java.base/jdk.internal.reflect.NativeMethodAccessorImpl.invoke0(Native Method)
	at java.base/jdk.internal.reflect.NativeMethodAccessorImpl.invoke(NativeMethodAccessorImpl.java:62)
	at java.base/jdk.internal.reflect.DelegatingMethodAccessorImpl.invoke(DelegatingMethodAccessorImpl.java:43)
	at java.base/java.lang.reflect.Method.invoke(Method.java:566)
	at org.eclipse.lsp4j.jsonrpc.services.GenericEndpoint.lambda$null$0(GenericEndpoint.java:65)
	... 11 more
Caused by: java.nio.file.NoSuchFileException: /home/gabor/git_repos/effective_programming_in_scala/foo/bar.sc
	at java.base/sun.nio.fs.UnixException.translateToIOException(UnixException.java:92)
	at java.base/sun.nio.fs.UnixException.rethrowAsIOException(UnixException.java:111)
	at java.base/sun.nio.fs.UnixException.rethrowAsIOException(UnixException.java:116)
	at java.base/sun.nio.fs.UnixFileSystemProvider.newByteChannel(UnixFileSystemProvider.java:219)
	at java.base/java.nio.file.Files.newByteChannel(Files.java:371)
	at java.base/java.nio.file.Files.newByteChannel(Files.java:422)
	at java.base/java.nio.file.Files.readAllBytes(Files.java:3206)
	at scala.meta.internal.io.PlatformFileIO$.slurp(PlatformFileIO.scala:45)
	at scala.meta.internal.io.FileIO$.slurp(FileIO.scala:24)
	at scala.meta.internal.metals.MetalsLanguageServer.$anonfun$onChange$1(MetalsLanguageServer.scala:1459)
	at scala.meta.internal.metals.MetalsLanguageServer.$anonfun$onChange$1$adapted(MetalsLanguageServer.scala:1458)
	at scala.collection.immutable.List.foreach(List.scala:333)
	at scala.meta.internal.metals.MetalsLanguageServer.onChange(MetalsLanguageServer.scala:1458)
	at scala.meta.internal.metals.MetalsLanguageServer.didChangeWatchedFiles(MetalsLanguageServer.scala:1401)
	... 16 more

2022.11.09 21:35:29 ERROR text document: file:///home/gabor/git_repos/effective_programming_in_scala/foo/bar.scjava.nio.file.NoSuchFileException: /home/gabor/git_repos/effective_programming_in_scala/foo/bar.sc
	at sun.nio.fs.UnixException.translateToIOException(UnixException.java:92)
	at sun.nio.fs.UnixException.rethrowAsIOException(UnixException.java:111)
	at sun.nio.fs.UnixException.rethrowAsIOException(UnixException.java:116)
	at sun.nio.fs.UnixFileSystemProvider.newByteChannel(UnixFileSystemProvider.java:219)
	at java.nio.file.Files.newByteChannel(Files.java:371)
	at java.nio.file.Files.newByteChannel(Files.java:422)
	at java.nio.file.Files.readAllBytes(Files.java:3206)
	at scala.meta.internal.io.PlatformFileIO$.slurp(PlatformFileIO.scala:45)
	at scala.meta.internal.io.FileIO$.slurp(FileIO.scala:24)
	at scala.meta.internal.metals.InteractiveSemanticdbs.$anonfun$textDocument$2(InteractiveSemanticdbs.scala:90)
	at scala.Option.getOrElse(Option.scala:201)
	at scala.meta.internal.metals.InteractiveSemanticdbs.$anonfun$textDocument$1(InteractiveSemanticdbs.scala:90)
	at java.util.HashMap.compute(HashMap.java:1229)
	at java.util.Collections$SynchronizedMap.compute(Collections.java:2692)
	at scala.meta.internal.metals.InteractiveSemanticdbs.textDocument(InteractiveSemanticdbs.scala:89)
	at scala.meta.internal.metals.InteractiveSemanticdbs.textDocument(InteractiveSemanticdbs.scala:63)
	at scala.meta.internal.metals.AggregateSemanticdbs.loop$1(AggregateSemanticdbs.scala:30)
	at scala.meta.internal.metals.AggregateSemanticdbs.textDocument(AggregateSemanticdbs.scala:36)
	at scala.meta.internal.metals.CodeLensProvider.findLenses(CodeLensProvider.scala:22)
	at scala.meta.internal.metals.MetalsLanguageServer.$anonfun$codeLens$2(MetalsLanguageServer.scala:1744)
	at scala.meta.internal.metals.TimerProvider.timedThunk(TimerProvider.scala:25)
	at scala.meta.internal.metals.MetalsLanguageServer.$anonfun$codeLens$1(MetalsLanguageServer.scala:1742)
	at scala.meta.internal.metals.CancelTokens$.$anonfun$apply$2(CancelTokens.scala:26)
	at scala.concurrent.Future$.$anonfun$apply$1(Future.scala:678)
	at scala.concurrent.impl.Promise$Transformation.run(Promise.scala:467)
	at java.util.concurrent.ThreadPoolExecutor.runWorker(ThreadPoolExecutor.java:1128)
	at java.util.concurrent.ThreadPoolExecutor$Worker.run(ThreadPoolExecutor.java:628)
	at java.lang.Thread.run(Thread.java:829)

2022.11.09 21:35:37 INFO  no build target found for /home/gabor/git_repos/effective_programming_in_scala/foo/src/main/scala/example/example.worksheet.sc. Using presentation compiler with project's scala-library version: 3.2.0
2022.11.09 21:35:37 INFO  time: evaluated worksheet 'example.worksheet.sc' in 6.1s
2022.11.09 21:35:59 WARN  no build target for: /home/gabor/git_repos/effective_programming_in_scala/foo/src/main/scala/example/bar.scala
2022.11.09 21:36:05 WARN  no build target for: /home/gabor/git_repos/effective_programming_in_scala/foo/src/main/scala/example/bar.scala
2022.11.09 21:52:21 INFO  time: evaluated worksheet 'example.worksheet.sc' in 1.14s
2022.11.09 21:52:23 INFO  shutting down Metals
2022.11.09 21:52:33 INFO  tracing is disabled for protocol LSP, to enable tracing of incoming and outgoing JSON messages create an empty file at /home/gabor/git_repos/effective_programming_in_scala/foo/.metals/lsp.trace.json or /home/gabor/.cache/metals/lsp.trace.json
2022.11.09 21:52:33 INFO  logging to file /home/gabor/git_repos/effective_programming_in_scala/foo/.metals/metals.log
2022.11.09 21:52:33 INFO  Started: Metals version 0.11.9 in workspace '/home/gabor/git_repos/effective_programming_in_scala/foo' for client Visual Studio Code 1.71.2.
2022.11.09 21:52:34 INFO  time: initialize in 1.29s
2022.11.09 21:52:36 WARN  Build server is not auto-connectable.
2022.11.09 21:52:36 WARN  no build tool detected in workspace '/home/gabor/git_repos/effective_programming_in_scala/foo'. The most common cause for this problem is that the editor was opened in the wrong working directory, for example if you use sbt then the workspace directory should contain build.sbt. 
2022.11.09 21:52:40 INFO  no build target found for /home/gabor/git_repos/effective_programming_in_scala/foo/src/main/scala/example/example.worksheet.sc. Using presentation compiler with project's scala-library version: 3.2.0
2022.11.09 21:52:42 INFO  time: code lens generation in 5.39s
2022.11.09 21:52:44 INFO  no build target found for /home/gabor/git_repos/effective_programming_in_scala/foo/src/main/scala/example/example.worksheet.sc. Using presentation compiler with project's scala-library version: 3.2.0
2022.11.09 21:52:44 INFO  time: evaluated worksheet 'example.worksheet.sc' in 8.11s
2022.11.09 21:53:27 INFO  
2022.11.09 21:53:27 INFO  Template applied in /home/gabor/git_repos/effective_programming_in_scala/./hello-world
2022.11.09 21:53:27 INFO  
2022.11.09 21:53:27 INFO  time: ran 'giter8.Giter8' in 2.23s
2022.11.09 21:57:13 WARN  no build target for: /home/gabor/git_repos/effective_programming_in_scala/foo/src/main/scala/example/bar.scala
2022.11.09 21:57:20 WARN  no build target for: /home/gabor/git_repos/effective_programming_in_scala/foo/src/main/scala/bar.scala
2022.11.09 21:57:22 INFO  no build target found for /home/gabor/git_repos/effective_programming_in_scala/foo/src/main/scala/example.worksheet.sc. Using presentation compiler with project's scala-library version: 3.2.0
2022.11.09 21:57:22 INFO  time: evaluated worksheet 'example.worksheet.sc' in 2.21s
2022.11.09 21:58:10 INFO  time: evaluated worksheet 'example.worksheet.sc' in 0.67s
2022.11.09 21:58:30 WARN  no build target for: /home/gabor/git_repos/effective_programming_in_scala/foo/src/main/scala/bar.scala
2022.11.09 21:59:16 INFO  shutting down Metals
2022.11.10 10:52:52 INFO  tracing is disabled for protocol LSP, to enable tracing of incoming and outgoing JSON messages create an empty file at /home/gabor/git_repos/effective_programming_in_scala/practice/.metals/lsp.trace.json or /home/gabor/.cache/metals/lsp.trace.json
2022.11.10 10:52:53 INFO  logging to file /home/gabor/git_repos/effective_programming_in_scala/practice/.metals/metals.log
2022.11.10 10:52:53 INFO  Started: Metals version 0.11.9 in workspace '/home/gabor/git_repos/effective_programming_in_scala/practice' for client Visual Studio Code 1.71.2.
2022.11.10 10:52:54 INFO  time: initialize in 1.48s
2022.11.10 10:52:56 WARN  Build server is not auto-connectable.
2022.11.10 10:52:56 WARN  no build tool detected in workspace '/home/gabor/git_repos/effective_programming_in_scala/practice'. The most common cause for this problem is that the editor was opened in the wrong working directory, for example if you use sbt then the workspace directory should contain build.sbt. 
2022.11.10 10:52:56 WARN  no build target for: /home/gabor/git_repos/effective_programming_in_scala/practice/src/main/scala/bar.scala
2022.11.10 10:52:59 INFO  no build target found for /home/gabor/git_repos/effective_programming_in_scala/practice/src/main/scala/bar.scala. Using presentation compiler with project's scala-library version: 3.2.0
2022.11.10 10:53:01 INFO  time: code lens generation in 4.25s
2022.11.10 10:53:10 INFO  no build target found for /home/gabor/git_repos/effective_programming_in_scala/practice/src/main/scala/example.worksheet.sc. Using presentation compiler with project's scala-library version: 3.2.0
2022.11.10 10:53:10 INFO  time: evaluated worksheet 'example.worksheet.sc' in 6.75s
2022.11.10 10:53:26 INFO  time: evaluated worksheet 'example.worksheet.sc' in 0.91s
Nov 10, 2022 10:53:29 AM org.eclipse.lsp4j.jsonrpc.RemoteEndpoint handleCancellation
WARNING: Unmatched cancel notification for request id 27
2022.11.10 11:08:22 WARN  no build target for: /home/gabor/git_repos/effective_programming_in_scala/practice/src/main/scala/bar.scala
2022.11.10 11:08:22 INFO  time: evaluated worksheet 'example.worksheet.sc' in 1.07s
2022.11.10 11:09:53 WARN  no build target for: /home/gabor/git_repos/effective_programming_in_scala/practice/src/main/scala/bar.scala
2022.11.10 11:16:14 WARN  no build target for: /home/gabor/git_repos/effective_programming_in_scala/practice/src/main/scala/bar.scala
2022.11.10 11:18:07 WARN  no build target for: /home/gabor/git_repos/effective_programming_in_scala/practice/src/main/scala/bar.scala
2022.11.10 12:55:34 WARN  no build target for: /home/gabor/git_repos/effective_programming_in_scala/practice/src/main/scala/bar.scala
Exception in thread "pool-3-thread-1" java.lang.InterruptedException
	at scala.meta.internal.metals.FutureCancelToken.checkCanceled(FutureCancelToken.scala:29)
	at scala.meta.internal.pc.CompilerAccess.onCompilerJobQueue$$anonfun$1(CompilerAccess.scala:195)
	at scala.meta.internal.pc.CompilerJobQueue$Job.run(CompilerJobQueue.scala:152)
	at java.base/java.util.concurrent.ThreadPoolExecutor.runWorker(ThreadPoolExecutor.java:1128)
	at java.base/java.util.concurrent.ThreadPoolExecutor$Worker.run(ThreadPoolExecutor.java:628)
	at java.base/java.lang.Thread.run(Thread.java:829)
Nov 10, 2022 12:56:32 PM org.eclipse.lsp4j.jsonrpc.RemoteEndpoint handleCancellation
WARNING: Unmatched cancel notification for request id 536
2022.11.10 12:56:32 WARN  no build target for: /home/gabor/git_repos/effective_programming_in_scala/practice/src/main/scala/bar.scala
Nov 10, 2022 12:56:32 PM org.eclipse.lsp4j.jsonrpc.RemoteEndpoint handleCancellation
WARNING: Unmatched cancel notification for request id 538
2022.11.10 12:56:50 WARN  no build target for: /home/gabor/git_repos/effective_programming_in_scala/practice/src/main/scala/bar.scala
2022.11.10 12:56:53 WARN  no build target for: /home/gabor/git_repos/effective_programming_in_scala/practice/src/main/scala/bar.scala
2022.11.10 12:56:57 WARN  no build target for: /home/gabor/git_repos/effective_programming_in_scala/practice/src/main/scala/bar.scala
2022.11.10 13:54:57 WARN  no build target for: /home/gabor/git_repos/effective_programming_in_scala/practice/src/main/scala/bar.scala
2022.11.10 13:55:05 INFO  time: evaluated worksheet 'example.worksheet.sc' in 0.67s
2022.11.10 13:55:13 INFO  time: evaluated worksheet 'example.worksheet.sc' in 0.62s
2022.11.10 16:17:00 INFO  shutting down Metals
2022.11.14 12:06:11 INFO  tracing is disabled for protocol LSP, to enable tracing of incoming and outgoing JSON messages create an empty file at /home/gabor/git_repos/effective_programming_in_scala/practice/.metals/lsp.trace.json or /home/gabor/.cache/metals/lsp.trace.json
2022.11.14 12:06:11 INFO  logging to file /home/gabor/git_repos/effective_programming_in_scala/practice/.metals/metals.log
2022.11.14 12:06:11 INFO  Started: Metals version 0.11.9 in workspace '/home/gabor/git_repos/effective_programming_in_scala/practice' for client Visual Studio Code 1.71.2.
2022.11.14 12:06:12 INFO  time: initialize in 1.16s
2022.11.14 12:06:14 WARN  Build server is not auto-connectable.
2022.11.14 12:06:14 WARN  no build tool detected in workspace '/home/gabor/git_repos/effective_programming_in_scala/practice'. The most common cause for this problem is that the editor was opened in the wrong working directory, for example if you use sbt then the workspace directory should contain build.sbt. 
2022.11.14 12:06:17 INFO  no build target found for /home/gabor/git_repos/effective_programming_in_scala/practice/src/main/scala/example.worksheet.sc. Using presentation compiler with project's scala-library version: 3.2.0
2022.11.14 12:06:18 INFO  time: code lens generation in 4.06s
2022.11.14 12:06:21 INFO  no build target found for /home/gabor/git_repos/effective_programming_in_scala/practice/src/main/scala/example.worksheet.sc. Using presentation compiler with project's scala-library version: 3.2.0
2022.11.14 12:06:21 INFO  time: evaluated worksheet 'example.worksheet.sc' in 7.13s
2022.11.14 12:06:28 INFO  time: evaluated worksheet 'example.worksheet.sc' in 0.68s
2022.11.14 12:06:36 INFO  time: evaluated worksheet 'example.worksheet.sc' in 0.53s
2022.11.14 12:06:39 INFO  time: evaluated worksheet 'example.worksheet.sc' in 0.5s
2022.11.14 12:06:44 INFO  time: evaluated worksheet 'example.worksheet.sc' in 0.43s
2022.11.14 12:08:04 INFO  shutting down Metals
2022.11.14 12:16:17 INFO  tracing is disabled for protocol LSP, to enable tracing of incoming and outgoing JSON messages create an empty file at /home/gabor/git_repos/effective_programming_in_scala/practice/.metals/lsp.trace.json or /home/gabor/.cache/metals/lsp.trace.json
2022.11.14 12:16:17 INFO  logging to file /home/gabor/git_repos/effective_programming_in_scala/practice/.metals/metals.log
2022.11.14 12:16:17 INFO  Started: Metals version 0.11.9 in workspace '/home/gabor/git_repos/effective_programming_in_scala/practice' for client Visual Studio Code 1.71.2.
2022.11.14 12:16:18 INFO  time: initialize in 1.27s
2022.11.14 12:16:20 WARN  Build server is not auto-connectable.
2022.11.14 12:16:20 WARN  no build tool detected in workspace '/home/gabor/git_repos/effective_programming_in_scala/practice'. The most common cause for this problem is that the editor was opened in the wrong working directory, for example if you use sbt then the workspace directory should contain build.sbt. 
2022.11.14 12:16:24 INFO  no build target found for /home/gabor/git_repos/effective_programming_in_scala/practice/src/main/scala/example.worksheet.sc. Using presentation compiler with project's scala-library version: 3.2.0
2022.11.14 12:16:26 INFO  time: code lens generation in 5.26s
2022.11.14 12:16:28 INFO  no build target found for /home/gabor/git_repos/effective_programming_in_scala/practice/src/main/scala/example.worksheet.sc. Using presentation compiler with project's scala-library version: 3.2.0
2022.11.14 12:16:28 INFO  time: evaluated worksheet 'example.worksheet.sc' in 8.26s
2022.11.14 16:05:31 INFO  shutting down Metals
2022.11.14 16:52:08 INFO  tracing is disabled for protocol LSP, to enable tracing of incoming and outgoing JSON messages create an empty file at /home/gabor/git_repos/effective_programming_in_scala/practice/.metals/lsp.trace.json or /home/gabor/.cache/metals/lsp.trace.json
2022.11.14 16:52:08 INFO  logging to file /home/gabor/git_repos/effective_programming_in_scala/practice/.metals/metals.log
2022.11.14 16:52:08 INFO  Started: Metals version 0.11.9 in workspace '/home/gabor/git_repos/effective_programming_in_scala/practice' for client Visual Studio Code 1.71.2.
2022.11.14 16:52:09 INFO  time: initialize in 1.28s
2022.11.14 16:52:11 WARN  Build server is not auto-connectable.
2022.11.14 16:52:11 WARN  no build tool detected in workspace '/home/gabor/git_repos/effective_programming_in_scala/practice'. The most common cause for this problem is that the editor was opened in the wrong working directory, for example if you use sbt then the workspace directory should contain build.sbt. 
2022.11.14 16:52:14 INFO  no build target found for /home/gabor/git_repos/effective_programming_in_scala/practice/src/main/scala/example.worksheet.sc. Using presentation compiler with project's scala-library version: 3.2.0
2022.11.14 16:52:17 INFO  time: code lens generation in 5.24s
2022.11.14 16:52:19 INFO  no build target found for /home/gabor/git_repos/effective_programming_in_scala/practice/src/main/scala/example.worksheet.sc. Using presentation compiler with project's scala-library version: 3.2.0
2022.11.14 16:52:19 INFO  time: evaluated worksheet 'example.worksheet.sc' in 8.43s
