2022.11.09 21:03:46 INFO  tracing is disabled for protocol LSP, to enable tracing of incoming and outgoing JSON messages create an empty file at /home/gabor/git_repos/effective_programming_in_scala/week_1/.metals/lsp.trace.json or /home/gabor/.cache/metals/lsp.trace.json
2022.11.09 21:03:47 INFO  logging to file /home/gabor/git_repos/effective_programming_in_scala/week_1/.metals/metals.log
2022.11.09 21:03:47 INFO  Started: Metals version 0.11.9 in workspace '/home/gabor/git_repos/effective_programming_in_scala/week_1' for client Visual Studio Code 1.71.2.
2022.11.09 21:03:48 INFO  time: initialize in 1.43s
2022.11.09 21:03:50 WARN  Build server is not auto-connectable.
2022.11.09 21:03:50 WARN  no build target for: /home/gabor/git_repos/effective_programming_in_scala/week_1/src/main/scala/org/epfl/02_houses/Houses.scala
2022.11.09 21:03:53 INFO  no build target found for /home/gabor/git_repos/effective_programming_in_scala/week_1/src/main/scala/org/epfl/02_houses/Houses.scala. Using presentation compiler with project's scala-library version: 3.2.0
2022.11.09 21:03:55 INFO  time: code lens generation in 4.25s
2022.11.09 21:03:59 WARN  no build target for: /home/gabor/git_repos/effective_programming_in_scala/week_1/src/main/scala/org/epfl/02_houses/Houses.scala
Nov 09, 2022 9:03:59 PM org.eclipse.lsp4j.jsonrpc.RemoteEndpoint fallbackResponseError
SEVERE: Internal error: scala.meta.internal.metals.debug.BuildTargetNotFoundForPathException: No build target could be found for the path: /home/gabor/git_repos/effective_programming_in_scala/week_1/src/main/scala/org/epfl/02_houses/Houses.scala
java.util.concurrent.CompletionException: scala.meta.internal.metals.debug.BuildTargetNotFoundForPathException: No build target could be found for the path: /home/gabor/git_repos/effective_programming_in_scala/week_1/src/main/scala/org/epfl/02_houses/Houses.scala
	at java.base/java.util.concurrent.CompletableFuture.encodeThrowable(CompletableFuture.java:331)
	at java.base/java.util.concurrent.CompletableFuture.uniAcceptNow(CompletableFuture.java:743)
	at java.base/java.util.concurrent.CompletableFuture.uniAcceptStage(CompletableFuture.java:731)
	at java.base/java.util.concurrent.CompletableFuture.thenAcceptAsync(CompletableFuture.java:2112)
	at scala.concurrent.java8.FuturesConvertersImpl$CF.thenAccept(FutureConvertersImpl.scala:37)
	at org.eclipse.lsp4j.jsonrpc.RemoteEndpoint.handleRequest(RemoteEndpoint.java:279)
	at org.eclipse.lsp4j.jsonrpc.RemoteEndpoint.consume(RemoteEndpoint.java:190)
	at org.eclipse.lsp4j.jsonrpc.json.StreamMessageProducer.handleMessage(StreamMessageProducer.java:194)
	at org.eclipse.lsp4j.jsonrpc.json.StreamMessageProducer.listen(StreamMessageProducer.java:94)
	at org.eclipse.lsp4j.jsonrpc.json.ConcurrentMessageProcessor.run(ConcurrentMessageProcessor.java:113)
	at java.base/java.util.concurrent.Executors$RunnableAdapter.call(Executors.java:515)
	at java.base/java.util.concurrent.FutureTask.run(FutureTask.java:264)
	at java.base/java.util.concurrent.ThreadPoolExecutor.runWorker(ThreadPoolExecutor.java:1128)
	at java.base/java.util.concurrent.ThreadPoolExecutor$Worker.run(ThreadPoolExecutor.java:628)
	at java.base/java.lang.Thread.run(Thread.java:829)
Caused by: scala.meta.internal.metals.debug.BuildTargetNotFoundForPathException: No build target could be found for the path: /home/gabor/git_repos/effective_programming_in_scala/week_1/src/main/scala/org/epfl/02_houses/Houses.scala
	at scala.meta.internal.metals.debug.DebugProvider.debugDiscovery(DebugProvider.scala:412)
	at scala.meta.internal.metals.MetalsLanguageServer.executeCommand(MetalsLanguageServer.scala:1963)
	at java.base/jdk.internal.reflect.NativeMethodAccessorImpl.invoke0(Native Method)
	at java.base/jdk.internal.reflect.NativeMethodAccessorImpl.invoke(NativeMethodAccessorImpl.java:62)
	at java.base/jdk.internal.reflect.DelegatingMethodAccessorImpl.invoke(DelegatingMethodAccessorImpl.java:43)
	at java.base/java.lang.reflect.Method.invoke(Method.java:566)
	at org.eclipse.lsp4j.jsonrpc.services.GenericEndpoint.lambda$null$0(GenericEndpoint.java:65)
	at org.eclipse.lsp4j.jsonrpc.services.GenericEndpoint.request(GenericEndpoint.java:120)
	at org.eclipse.lsp4j.jsonrpc.RemoteEndpoint.handleRequest(RemoteEndpoint.java:261)
	... 9 more

2022.11.09 21:04:14 WARN  no build target for: /home/gabor/git_repos/effective_programming_in_scala/week_1/build.sbt
2022.11.09 21:08:53 INFO  no build target found for /home/gabor/git_repos/effective_programming_in_scala/week_1/src/main/scala/org/epfl/01_definitions/Definitions.worksheet.sc. Using presentation compiler with project's scala-library version: 3.2.0
2022.11.09 21:08:54 INFO  time: evaluated worksheet 'Definitions.worksheet.sc' in 7.12s
2022.11.09 21:09:12 INFO  time: evaluated worksheet 'Definitions.worksheet.sc' in 1.19s
2022.11.09 21:09:21 INFO  time: evaluated worksheet 'Definitions.worksheet.sc' in 1.19s
2022.11.09 21:09:27 INFO  time: evaluated worksheet 'Definitions.worksheet.sc' in 0.94s
2022.11.09 21:09:38 INFO  no build target found for /home/gabor/git_repos/effective_programming_in_scala/week_1/src/main/scala/org/epfl/03_setcardgame/game_base_strict.worksheet.sc. Using presentation compiler with project's scala-library version: 3.2.0
2022.11.09 21:09:38 INFO  time: evaluated worksheet 'game_base_strict.worksheet.sc' in 3.75s
2022.11.09 21:10:13 INFO  time: evaluated worksheet 'Definitions.worksheet.sc' in 0.67s
2022.11.09 21:10:33 INFO  time: evaluated worksheet 'Definitions.worksheet.sc' in 0.58s
2022.11.09 21:11:04 WARN  no build target for: /home/gabor/git_repos/effective_programming_in_scala/week_1/src/main/scala/org/epfl/02_houses/Houses.scala
Nov 09, 2022 9:11:04 PM org.eclipse.lsp4j.jsonrpc.RemoteEndpoint fallbackResponseError
SEVERE: Internal error: scala.meta.internal.metals.debug.BuildTargetNotFoundForPathException: No build target could be found for the path: /home/gabor/git_repos/effective_programming_in_scala/week_1/src/main/scala/org/epfl/02_houses/Houses.scala
java.util.concurrent.CompletionException: scala.meta.internal.metals.debug.BuildTargetNotFoundForPathException: No build target could be found for the path: /home/gabor/git_repos/effective_programming_in_scala/week_1/src/main/scala/org/epfl/02_houses/Houses.scala
	at java.base/java.util.concurrent.CompletableFuture.encodeThrowable(CompletableFuture.java:331)
	at java.base/java.util.concurrent.CompletableFuture.uniAcceptNow(CompletableFuture.java:743)
	at java.base/java.util.concurrent.CompletableFuture.uniAcceptStage(CompletableFuture.java:731)
	at java.base/java.util.concurrent.CompletableFuture.thenAcceptAsync(CompletableFuture.java:2112)
	at scala.concurrent.java8.FuturesConvertersImpl$CF.thenAccept(FutureConvertersImpl.scala:37)
	at org.eclipse.lsp4j.jsonrpc.RemoteEndpoint.handleRequest(RemoteEndpoint.java:279)
	at org.eclipse.lsp4j.jsonrpc.RemoteEndpoint.consume(RemoteEndpoint.java:190)
	at org.eclipse.lsp4j.jsonrpc.json.StreamMessageProducer.handleMessage(StreamMessageProducer.java:194)
	at org.eclipse.lsp4j.jsonrpc.json.StreamMessageProducer.listen(StreamMessageProducer.java:94)
	at org.eclipse.lsp4j.jsonrpc.json.ConcurrentMessageProcessor.run(ConcurrentMessageProcessor.java:113)
	at java.base/java.util.concurrent.Executors$RunnableAdapter.call(Executors.java:515)
	at java.base/java.util.concurrent.FutureTask.run(FutureTask.java:264)
	at java.base/java.util.concurrent.ThreadPoolExecutor.runWorker(ThreadPoolExecutor.java:1128)
	at java.base/java.util.concurrent.ThreadPoolExecutor$Worker.run(ThreadPoolExecutor.java:628)
	at java.base/java.lang.Thread.run(Thread.java:829)
Caused by: scala.meta.internal.metals.debug.BuildTargetNotFoundForPathException: No build target could be found for the path: /home/gabor/git_repos/effective_programming_in_scala/week_1/src/main/scala/org/epfl/02_houses/Houses.scala
	at scala.meta.internal.metals.debug.DebugProvider.debugDiscovery(DebugProvider.scala:412)
	at scala.meta.internal.metals.MetalsLanguageServer.executeCommand(MetalsLanguageServer.scala:1963)
	at java.base/jdk.internal.reflect.NativeMethodAccessorImpl.invoke0(Native Method)
	at java.base/jdk.internal.reflect.NativeMethodAccessorImpl.invoke(NativeMethodAccessorImpl.java:62)
	at java.base/jdk.internal.reflect.DelegatingMethodAccessorImpl.invoke(DelegatingMethodAccessorImpl.java:43)
	at java.base/java.lang.reflect.Method.invoke(Method.java:566)
	at org.eclipse.lsp4j.jsonrpc.services.GenericEndpoint.lambda$null$0(GenericEndpoint.java:65)
	at org.eclipse.lsp4j.jsonrpc.services.GenericEndpoint.request(GenericEndpoint.java:120)
	at org.eclipse.lsp4j.jsonrpc.RemoteEndpoint.handleRequest(RemoteEndpoint.java:261)
	... 9 more

2022.11.09 21:37:06 WARN  no build target for: /home/gabor/git_repos/effective_programming_in_scala/week_1/src/main/scala/org/epfl/02_houses/Houses.scala
Nov 09, 2022 9:37:06 PM org.eclipse.lsp4j.jsonrpc.RemoteEndpoint fallbackResponseError
SEVERE: Internal error: scala.meta.internal.metals.debug.BuildTargetNotFoundForPathException: No build target could be found for the path: /home/gabor/git_repos/effective_programming_in_scala/week_1/src/main/scala/org/epfl/02_houses/Houses.scala
java.util.concurrent.CompletionException: scala.meta.internal.metals.debug.BuildTargetNotFoundForPathException: No build target could be found for the path: /home/gabor/git_repos/effective_programming_in_scala/week_1/src/main/scala/org/epfl/02_houses/Houses.scala
	at java.base/java.util.concurrent.CompletableFuture.encodeThrowable(CompletableFuture.java:331)
	at java.base/java.util.concurrent.CompletableFuture.uniAcceptNow(CompletableFuture.java:743)
	at java.base/java.util.concurrent.CompletableFuture.uniAcceptStage(CompletableFuture.java:731)
	at java.base/java.util.concurrent.CompletableFuture.thenAcceptAsync(CompletableFuture.java:2112)
	at scala.concurrent.java8.FuturesConvertersImpl$CF.thenAccept(FutureConvertersImpl.scala:37)
	at org.eclipse.lsp4j.jsonrpc.RemoteEndpoint.handleRequest(RemoteEndpoint.java:279)
	at org.eclipse.lsp4j.jsonrpc.RemoteEndpoint.consume(RemoteEndpoint.java:190)
	at org.eclipse.lsp4j.jsonrpc.json.StreamMessageProducer.handleMessage(StreamMessageProducer.java:194)
	at org.eclipse.lsp4j.jsonrpc.json.StreamMessageProducer.listen(StreamMessageProducer.java:94)
	at org.eclipse.lsp4j.jsonrpc.json.ConcurrentMessageProcessor.run(ConcurrentMessageProcessor.java:113)
	at java.base/java.util.concurrent.Executors$RunnableAdapter.call(Executors.java:515)
	at java.base/java.util.concurrent.FutureTask.run(FutureTask.java:264)
	at java.base/java.util.concurrent.ThreadPoolExecutor.runWorker(ThreadPoolExecutor.java:1128)
	at java.base/java.util.concurrent.ThreadPoolExecutor$Worker.run(ThreadPoolExecutor.java:628)
	at java.base/java.lang.Thread.run(Thread.java:829)
Caused by: scala.meta.internal.metals.debug.BuildTargetNotFoundForPathException: No build target could be found for the path: /home/gabor/git_repos/effective_programming_in_scala/week_1/src/main/scala/org/epfl/02_houses/Houses.scala
	at scala.meta.internal.metals.debug.DebugProvider.debugDiscovery(DebugProvider.scala:412)
	at scala.meta.internal.metals.MetalsLanguageServer.executeCommand(MetalsLanguageServer.scala:1963)
	at java.base/jdk.internal.reflect.NativeMethodAccessorImpl.invoke0(Native Method)
	at java.base/jdk.internal.reflect.NativeMethodAccessorImpl.invoke(NativeMethodAccessorImpl.java:62)
	at java.base/jdk.internal.reflect.DelegatingMethodAccessorImpl.invoke(DelegatingMethodAccessorImpl.java:43)
	at java.base/java.lang.reflect.Method.invoke(Method.java:566)
	at org.eclipse.lsp4j.jsonrpc.services.GenericEndpoint.lambda$null$0(GenericEndpoint.java:65)
	at org.eclipse.lsp4j.jsonrpc.services.GenericEndpoint.request(GenericEndpoint.java:120)
	at org.eclipse.lsp4j.jsonrpc.RemoteEndpoint.handleRequest(RemoteEndpoint.java:261)
	... 9 more

2022.11.09 21:52:18 INFO  shutting down Metals
2022.11.09 21:59:20 INFO  tracing is disabled for protocol LSP, to enable tracing of incoming and outgoing JSON messages create an empty file at /home/gabor/git_repos/effective_programming_in_scala/week_1/.metals/lsp.trace.json or /home/gabor/.cache/metals/lsp.trace.json
2022.11.09 21:59:21 INFO  logging to file /home/gabor/git_repos/effective_programming_in_scala/week_1/.metals/metals.log
2022.11.09 21:59:21 INFO  Started: Metals version 0.11.9 in workspace '/home/gabor/git_repos/effective_programming_in_scala/week_1' for client Visual Studio Code 1.71.2.
2022.11.09 21:59:22 INFO  time: initialize in 1.49s
2022.11.09 21:59:24 WARN  Build server is not auto-connectable.
2022.11.09 21:59:24 WARN  no build target for: /home/gabor/git_repos/effective_programming_in_scala/week_1/src/main/scala/org/epfl/02_houses/Houses.scala
2022.11.09 21:59:27 INFO  no build target found for /home/gabor/git_repos/effective_programming_in_scala/week_1/src/main/scala/org/epfl/02_houses/Houses.scala. Using presentation compiler with project's scala-library version: 3.2.0
2022.11.09 21:59:29 INFO  time: code lens generation in 3.79s
2022.11.10 10:52:03 INFO  shutting down Metals
2022.11.10 16:18:13 INFO  tracing is disabled for protocol LSP, to enable tracing of incoming and outgoing JSON messages create an empty file at /home/gabor/git_repos/effective_programming_in_scala/week_1/.metals/lsp.trace.json or /home/gabor/.cache/metals/lsp.trace.json
2022.11.10 16:18:14 INFO  logging to file /home/gabor/git_repos/effective_programming_in_scala/week_1/.metals/metals.log
2022.11.10 16:18:14 INFO  Started: Metals version 0.11.9 in workspace '/home/gabor/git_repos/effective_programming_in_scala/week_1' for client Visual Studio Code 1.71.2.
2022.11.10 16:18:15 INFO  time: initialize in 1.48s
2022.11.10 16:18:17 WARN  Build server is not auto-connectable.
2022.11.10 16:18:17 WARN  no build target for: /home/gabor/git_repos/effective_programming_in_scala/week_1/src/main/scala/org/epfl/02_houses/Houses.scala
2022.11.10 16:18:19 INFO  no build target found for /home/gabor/git_repos/effective_programming_in_scala/week_1/src/main/scala/org/epfl/02_houses/Houses.scala. Using presentation compiler with project's scala-library version: 3.2.0
2022.11.10 16:18:21 INFO  time: code lens generation in 3.83s
2022.11.10 16:18:32 INFO  no build target found for /home/gabor/git_repos/effective_programming_in_scala/week_1/src/main/scala/org/epfl/01_definitions/Definitions.worksheet.sc. Using presentation compiler with project's scala-library version: 3.2.0
2022.11.10 16:18:32 INFO  time: evaluated worksheet 'Definitions.worksheet.sc' in 6.76s
2022.11.10 16:19:35 INFO  shutting down Metals
2022.11.10 16:23:59 INFO  tracing is disabled for protocol LSP, to enable tracing of incoming and outgoing JSON messages create an empty file at /home/gabor/git_repos/effective_programming_in_scala/week_1/.metals/lsp.trace.json or /home/gabor/.cache/metals/lsp.trace.json
2022.11.10 16:23:59 INFO  logging to file /home/gabor/git_repos/effective_programming_in_scala/week_1/.metals/metals.log
2022.11.10 16:23:59 INFO  Started: Metals version 0.11.9 in workspace '/home/gabor/git_repos/effective_programming_in_scala/week_1' for client Visual Studio Code 1.71.2.
2022.11.10 16:24:01 INFO  time: initialize in 1.35s
2022.11.10 16:24:02 WARN  Build server is not auto-connectable.
2022.11.10 16:24:06 INFO  no build target found for /home/gabor/git_repos/effective_programming_in_scala/week_1/src/main/scala/org/epfl/01_definitions/Definitions.worksheet.sc. Using presentation compiler with project's scala-library version: 3.2.0
2022.11.10 16:24:11 INFO  time: code lens generation in 3.32s
2022.11.10 16:24:11 INFO  time: code lens generation in 8.26s
2022.11.10 16:24:12 INFO  no build target found for /home/gabor/git_repos/effective_programming_in_scala/week_1/src/main/scala/org/epfl/01_definitions/Definitions.worksheet.sc. Using presentation compiler with project's scala-library version: 3.2.0
2022.11.10 16:24:12 INFO  time: evaluated worksheet 'Definitions.worksheet.sc' in 10s
2022.11.10 16:24:16 INFO  no build target found for /home/gabor/git_repos/effective_programming_in_scala/week_1/src/main/scala/org/epfl/03_setcardgame/game_base_strict.worksheet.sc. Using presentation compiler with project's scala-library version: 3.2.0
2022.11.10 16:24:16 INFO  time: evaluated worksheet 'game_base_strict.worksheet.sc' in 3.49s
2022.11.10 16:24:20 INFO  no build target found for /home/gabor/git_repos/effective_programming_in_scala/week_1/src/main/scala/org/epfl/03_video-streaming/VideoStreaming.worksheet.sc. Using presentation compiler with project's scala-library version: 3.2.0
2022.11.10 16:24:20 INFO  time: evaluated worksheet 'VideoStreaming.worksheet.sc' in 2.46s
2022.11.10 16:24:25 INFO  no build target found for /home/gabor/git_repos/effective_programming_in_scala/week_1/src/main/scala/org/epfl/03_setcardgame/game_base.worksheet.sc. Using presentation compiler with project's scala-library version: 3.2.0
2022.11.10 16:24:25 INFO  time: evaluated worksheet 'game_base.worksheet.sc' in 2.13s
2022.11.10 16:24:27 INFO  time: evaluated worksheet 'game_base_strict.worksheet.sc' in 1.02s
2022.11.10 16:24:36 WARN  no build target for: /home/gabor/git_repos/effective_programming_in_scala/week_1/src/main/scala/org/epfl/02_houses/Houses.scala
2022.11.10 16:27:13 INFO  time: evaluated worksheet 'VideoStreaming.worksheet.sc' in 0.81s
2022.11.10 16:27:18 INFO  time: evaluated worksheet 'game_base.worksheet.sc' in 0.87s
2022.11.10 16:27:22 INFO  time: evaluated worksheet 'game_base_strict.worksheet.sc' in 0.87s
2022.11.10 16:31:48 INFO  time: evaluated worksheet 'game_base_strict.worksheet.sc' in 0.93s
2022.11.10 16:47:10 INFO  time: evaluated worksheet 'game_base.worksheet.sc' in 0.7s
Nov 10, 2022 5:33:45 PM org.eclipse.lsp4j.jsonrpc.services.GenericEndpoint notify
INFO: Unsupported notification method: $/setTrace
Nov 10, 2022 5:38:14 PM org.eclipse.lsp4j.jsonrpc.services.GenericEndpoint notify
INFO: Unsupported notification method: $/setTrace
2022.11.10 17:57:53 INFO  time: evaluated worksheet 'VideoStreaming.worksheet.sc' in 0.71s
2022.11.10 18:38:16 INFO  shutting down Metals
